[    0.000000] Initializing cgroup subsys cpuset
[    0.000000] Initializing cgroup subsys cpu
[    0.000000] Initializing cgroup subsys cpuacct
[    0.000000] Linux version 4.4.0-189-generic (buildd@lgw01-amd64-047) (gcc version 5.4.0 20160609 (Ubuntu 5.4.0-6ubuntu1~16.04.12) ) #219-Ubuntu SMP Tue Aug 11 12:26:50 UTC 2020 (Ubuntu 4.4.0-189.219-generic 4.4.232)
[    0.000000] Command line: BOOT_IMAGE=/boot/vmlinuz-4.4.0-189-generic root=LABEL=cloudimg-rootfs ro console=tty1 console=ttyS0
[    0.000000] KERNEL supported cpus:
[    0.000000]   Intel GenuineIntel
[    0.000000]   AMD AuthenticAMD
[    0.000000]   Centaur CentaurHauls
[    0.000000] x86/fpu: xstate_offset[2]:  576, xstate_sizes[2]:  256
[    0.000000] x86/fpu: Supporting XSAVE feature 0x01: 'x87 floating point registers'
[    0.000000] x86/fpu: Supporting XSAVE feature 0x02: 'SSE registers'
[    0.000000] x86/fpu: Supporting XSAVE feature 0x04: 'AVX registers'
[    0.000000] x86/fpu: Enabled xstate features 0x7, context size is 832 bytes, using 'standard' format.
[    0.000000] e820: BIOS-provided physical RAM map:
[    0.000000] BIOS-e820: [mem 0x0000000000000000-0x000000000009fbff] usable
[    0.000000] BIOS-e820: [mem 0x000000000009fc00-0x000000000009ffff] reserved
[    0.000000] BIOS-e820: [mem 0x00000000000f0000-0x00000000000fffff] reserved
[    0.000000] BIOS-e820: [mem 0x0000000000100000-0x000000003ffeffff] usable
[    0.000000] BIOS-e820: [mem 0x000000003fff0000-0x000000003fffffff] ACPI data
[    0.000000] BIOS-e820: [mem 0x00000000fec00000-0x00000000fec00fff] reserved
[    0.000000] BIOS-e820: [mem 0x00000000fee00000-0x00000000fee00fff] reserved
[    0.000000] BIOS-e820: [mem 0x00000000fffc0000-0x00000000ffffffff] reserved
[    0.000000] NX (Execute Disable) protection: active
[    0.000000] SMBIOS 2.5 present.
[    0.000000] Hypervisor detected: KVM
[    0.000000] e820: last_pfn = 0x3fff0 max_arch_pfn = 0x400000000
[    0.000000] MTRR: Disabled
[    0.000000] x86/PAT: MTRRs disabled, skipping PAT initialization too.
[    0.000000] CPU MTRRs all blank - virtualized system.
[    0.000000] x86/PAT: Configuration [0-7]: WB  WT  UC- UC  WB  WT  UC- UC  
[    0.000000] found SMP MP-table at [mem 0x0009fff0-0x0009ffff] mapped at [ffff88000009fff0]
[    0.000000] Scanning 1 areas for low memory corruption
[    0.000000] RAMDISK: [mem 0x362de000-0x37166fff]
[    0.000000] ACPI: Early table checksum verification disabled
[    0.000000] ACPI: RSDP 0x00000000000E0000 000024 (v02 VBOX  )
[    0.000000] ACPI: XSDT 0x000000003FFF0030 00003C (v01 VBOX   VBOXXSDT 00000001 ASL  00000061)
[    0.000000] ACPI: FACP 0x000000003FFF00F0 0000F4 (v04 VBOX   VBOXFACP 00000001 ASL  00000061)
[    0.000000] ACPI: DSDT 0x000000003FFF0470 002325 (v02 VBOX   VBOXBIOS 00000002 INTL 20100528)
[    0.000000] ACPI: FACS 0x000000003FFF0200 000040
[    0.000000] ACPI: FACS 0x000000003FFF0200 000040
[    0.000000] ACPI: APIC 0x000000003FFF0240 00005C (v02 VBOX   VBOXAPIC 00000001 ASL  00000061)
[    0.000000] ACPI: SSDT 0x000000003FFF02A0 0001CC (v01 VBOX   VBOXCPUT 00000002 INTL 20100528)
[    0.000000] No NUMA configuration found
[    0.000000] Faking a node at [mem 0x0000000000000000-0x000000003ffeffff]
[    0.000000] NODE_DATA(0) allocated [mem 0x3ffeb000-0x3ffeffff]
[    0.000000] kvm-clock: Using msrs 4b564d01 and 4b564d00
[    0.000000] kvm-clock: cpu 0, msr 0:3ffe3001, primary cpu clock
[    0.000000] kvm-clock: using sched offset of 3575657089 cycles
[    0.000000] clocksource: kvm-clock: mask: 0xffffffffffffffff max_cycles: 0x1cd42e4dffb, max_idle_ns: 881590591483 ns
[    0.000000] Zone ranges:
[    0.000000]   DMA      [mem 0x0000000000001000-0x0000000000ffffff]
[    0.000000]   DMA32    [mem 0x0000000001000000-0x000000003ffeffff]
[    0.000000]   Normal   empty
[    0.000000]   Device   empty
[    0.000000] Movable zone start for each node
[    0.000000] Early memory node ranges
[    0.000000]   node   0: [mem 0x0000000000001000-0x000000000009efff]
[    0.000000]   node   0: [mem 0x0000000000100000-0x000000003ffeffff]
[    0.000000] Initmem setup node 0 [mem 0x0000000000001000-0x000000003ffeffff]
[    0.000000] ACPI: PM-Timer IO Port: 0x4008
[    0.000000] IOAPIC[0]: apic_id 2, version 32, address 0xfec00000, GSI 0-23
[    0.000000] ACPI: INT_SRC_OVR (bus 0 bus_irq 0 global_irq 2 dfl dfl)
[    0.000000] ACPI: INT_SRC_OVR (bus 0 bus_irq 9 global_irq 9 low level)
[    0.000000] Using ACPI (MADT) for SMP configuration information
[    0.000000] smpboot: Allowing 2 CPUs, 0 hotplug CPUs
[    0.000000] PM: Registered nosave memory: [mem 0x00000000-0x00000fff]
[    0.000000] PM: Registered nosave memory: [mem 0x0009f000-0x0009ffff]
[    0.000000] PM: Registered nosave memory: [mem 0x000a0000-0x000effff]
[    0.000000] PM: Registered nosave memory: [mem 0x000f0000-0x000fffff]
[    0.000000] e820: [mem 0x40000000-0xfebfffff] available for PCI devices
[    0.000000] Booting paravirtualized kernel on KVM
[    0.000000] clocksource: refined-jiffies: mask: 0xffffffff max_cycles: 0xffffffff, max_idle_ns: 7645519600211568 ns
[    0.000000] setup_percpu: NR_CPUS:512 nr_cpumask_bits:512 nr_cpu_ids:2 nr_node_ids:1
[    0.000000] PERCPU: Embedded 33 pages/cpu @ffff88003fc00000 s95512 r8192 d31464 u1048576
[    0.000000] Built 1 zonelists in Node order, mobility grouping on.  Total pages: 257912
[    0.000000] Policy zone: DMA32
[    0.000000] Kernel command line: BOOT_IMAGE=/boot/vmlinuz-4.4.0-189-generic root=LABEL=cloudimg-rootfs ro console=tty1 console=ttyS0
[    0.000000] PID hash table entries: 4096 (order: 3, 32768 bytes)
[    0.000000] Memory: 997660K/1048120K available (8636K kernel code, 1337K rwdata, 4040K rodata, 1492K init, 1296K bss, 50460K reserved, 0K cma-reserved)
[    0.000000] SLUB: HWalign=64, Order=0-3, MinObjects=0, CPUs=2, Nodes=1
[    0.000000] Kernel/User page tables isolation: enabled
[    0.000000] Hierarchical RCU implementation.
[    0.000000] 	Build-time adjustment of leaf fanout to 64.
[    0.000000] 	RCU restricting CPUs from NR_CPUS=512 to nr_cpu_ids=2.
[    0.000000] RCU: Adjusting geometry for rcu_fanout_leaf=64, nr_cpu_ids=2
[    0.000000] NR_IRQS:33024 nr_irqs:440 16
[    0.000000] Console: colour VGA+ 80x25
[    0.000000] console [tty1] enabled
[    0.000000] console [ttyS0] enabled
[    0.000000] tsc: Detected 1996.799 MHz processor
[    0.154198] Calibrating delay loop (skipped) preset value.. 3993.59 BogoMIPS (lpj=7987196)
[    0.156025] pid_max: default: 32768 minimum: 301
[    0.156982] ACPI: Core revision 20150930
[    0.158573] ACPI: 2 ACPI AML tables successfully acquired and loaded
[    0.159918] Security Framework initialized
[    0.160863] Yama: becoming mindful.
[    0.162023] AppArmor: AppArmor initialized
[    0.163182] Dentry cache hash table entries: 131072 (order: 8, 1048576 bytes)
[    0.166341] Inode-cache hash table entries: 65536 (order: 7, 524288 bytes)
[    0.167769] Mount-cache hash table entries: 2048 (order: 2, 16384 bytes)
[    0.169090] Mountpoint-cache hash table entries: 2048 (order: 2, 16384 bytes)
[    0.170629] Initializing cgroup subsys io
[    0.171489] Initializing cgroup subsys memory
[    0.172433] Initializing cgroup subsys devices
[    0.173364] Initializing cgroup subsys freezer
[    0.174469] Initializing cgroup subsys net_cls
[    0.175446] Initializing cgroup subsys perf_event
[    0.176474] Initializing cgroup subsys net_prio
[    0.177401] Initializing cgroup subsys hugetlb
[    0.178364] Initializing cgroup subsys pids
[    0.182964] mce: CPU supports 0 MCE banks
[    0.183887] Last level iTLB entries: 4KB 0, 2MB 0, 4MB 0
[    0.184944] Last level dTLB entries: 4KB 0, 2MB 0, 4MB 0, 1GB 0
[    0.186432] Spectre V1 : Mitigation: usercopy/swapgs barriers and __user pointer sanitization
[    0.188236] Spectre V2 : Mitigation: Full generic retpoline
[    0.189381] Spectre V2 : Spectre v2 / SpectreRSB mitigation: Filling RSB on context switch
[    0.191186] Speculative Store Bypass: Vulnerable
[    0.192283] MDS: Mitigation: Clear CPU buffers
[    0.196534] Freeing SMP alternatives memory: 36K
[    0.204993] ftrace: allocating 32336 entries in 127 pages
[    0.274900] smpboot: APIC(0) Converting physical 0 to logical package 0
[    0.277638] smpboot: Max logical packages: 1
[    0.279286] x2apic enabled
[    0.280684] Switched APIC routing to physical x2apic.
[    0.283220] ..TIMER: vector=0x30 apic1=0 pin1=2 apic2=-1 pin2=-1
[    0.392551] smpboot: CPU0: Intel(R) Core(TM) i5-1038NG7 CPU @ 2.00GHz (family: 0x6, model: 0x7e, stepping: 0x5)
[    0.395644] Performance Events: unsupported p6 CPU model 126 no PMU driver, software events only.
[    0.408027] KVM setup paravirtual spinlock
[    0.410226] x86: Booting SMP configuration:
[    0.411704] .... node  #0, CPUs:      #1
[    0.412802] kvm-clock: cpu 1, msr 0:3ffe3041, secondary cpu clock
[    0.417579] mce: CPU supports 0 MCE banks
[    0.420277] x86: Booted up 1 node, 2 CPUs
[    0.421755] smpboot: Total of 2 processors activated (7987.19 BogoMIPS)
[    0.423633] devtmpfs: initialized
[    0.425460] evm: security.selinux
[    0.426242] evm: security.SMACK64
[    0.426987] evm: security.SMACK64EXEC
[    0.427786] evm: security.SMACK64TRANSMUTE
[    0.428706] evm: security.SMACK64MMAP
[    0.429643] evm: security.ima
[    0.430327] evm: security.capability
[    0.431316] clocksource: jiffies: mask: 0xffffffff max_cycles: 0xffffffff, max_idle_ns: 7645041785100000 ns
[    0.433589] futex hash table entries: 512 (order: 3, 32768 bytes)
[    0.435030] pinctrl core: initialized pinctrl subsystem
[    0.436257] RTC time:  2:00:05, date: 09/16/20
[    0.437464] NET: Registered protocol family 16
[    0.448914] cpuidle: using governor ladder
[    0.461807] cpuidle: using governor menu
[    0.463148] PCCT header not found.
[    0.464473] ACPI: bus type PCI registered
[    0.465796] acpiphp: ACPI Hot Plug PCI Controller Driver version: 0.5
[    0.467542] PCI: Using configuration type 1 for base access
[    0.481706] ACPI: Added _OSI(Module Device)
[    0.482754] ACPI: Added _OSI(Processor Device)
[    0.483804] ACPI: Added _OSI(3.0 _SCP Extensions)
[    0.484940] ACPI: Added _OSI(Processor Aggregator Device)
[    0.486872] ACPI: Executed 1 blocks of module-level executable AML code
[    0.490764] ACPI: Interpreter enabled
[    0.491615] ACPI: (supports S0 S5)
[    0.492413] ACPI: Using IOAPIC for interrupt routing
[    0.493643] PCI: Using host bridge windows from ACPI; if necessary, use "pci=nocrs" and report a bug
[    0.499627] ACPI: PCI Root Bridge [PCI0] (domain 0000 [bus 00-ff])
[    0.501040] acpi PNP0A03:00: _OSC: OS supports [ASPM ClockPM Segments MSI]
[    0.502660] acpi PNP0A03:00: _OSC: not requesting OS control; OS requires [ExtendedConfig ASPM ClockPM MSI]
[    0.504646] acpi PNP0A03:00: fail to add MMCONFIG information, can't access extended PCI configuration space under this bridge.
[    0.507408] PCI host bridge to bus 0000:00
[    0.508338] pci_bus 0000:00: root bus resource [io  0x0000-0x0cf7 window]
[    0.509672] pci_bus 0000:00: root bus resource [io  0x0d00-0xffff window]
[    0.510972] pci_bus 0000:00: root bus resource [mem 0x000a0000-0x000bffff window]
[    0.513020] pci_bus 0000:00: root bus resource [mem 0x40000000-0xfdffffff window]
[    0.514611] pci_bus 0000:00: root bus resource [bus 00-ff]
[    0.518558] pci 0000:00:01.1: legacy IDE quirk: reg 0x10: [io  0x01f0-0x01f7]
[    0.519972] pci 0000:00:01.1: legacy IDE quirk: reg 0x14: [io  0x03f6]
[    0.521409] pci 0000:00:01.1: legacy IDE quirk: reg 0x18: [io  0x0170-0x0177]
[    0.522899] pci 0000:00:01.1: legacy IDE quirk: reg 0x1c: [io  0x0376]
[    0.543077] pci 0000:00:07.0: quirk: [io  0x4000-0x403f] claimed by PIIX4 ACPI
[    0.544766] pci 0000:00:07.0: quirk: [io  0x4100-0x410f] claimed by PIIX4 SMB
[    0.551054] ACPI: PCI Interrupt Link [LNKA] (IRQs 5 9 10 *11)
[    0.552830] ACPI: PCI Interrupt Link [LNKB] (IRQs 5 9 *10 11)
[    0.554324] ACPI: PCI Interrupt Link [LNKC] (IRQs 5 *9 10 11)
[    0.555818] ACPI: PCI Interrupt Link [LNKD] (IRQs 5 9 10 *11)
[    0.557779] ACPI: Enabled 2 GPEs in block 00 to 07
[    0.559171] vgaarb: setting as boot device: PCI:0000:00:02.0
[    0.560303] vgaarb: device added: PCI:0000:00:02.0,decodes=io+mem,owns=io+mem,locks=none
[    0.562018] vgaarb: loaded
[    0.562671] vgaarb: bridge control possible 0000:00:02.0
[    0.563953] SCSI subsystem initialized
[    0.564925] ACPI: bus type USB registered
[    0.565865] usbcore: registered new interface driver usbfs
[    0.567151] usbcore: registered new interface driver hub
[    0.568436] usbcore: registered new device driver usb
[    0.569800] PCI: Using ACPI for IRQ routing
[    0.572322] NetLabel: Initializing
[    0.573173] NetLabel:  domain hash size = 128
[    0.574147] NetLabel:  protocols = UNLABELED CIPSOv4
[    0.575202] NetLabel:  unlabeled traffic allowed by default
[    0.576551] amd_nb: Cannot enumerate AMD northbridges
[    0.577623] clocksource: Switched to clocksource kvm-clock
[    0.586398] AppArmor: AppArmor Filesystem Enabled
[    0.587793] pnp: PnP ACPI init
[    0.589526] pnp: PnP ACPI: found 3 devices
[    0.599032] clocksource: acpi_pm: mask: 0xffffff max_cycles: 0xffffff, max_idle_ns: 2085701024 ns
[    0.601164] NET: Registered protocol family 2
[    0.602467] TCP established hash table entries: 8192 (order: 4, 65536 bytes)
[    0.603898] TCP bind hash table entries: 8192 (order: 5, 131072 bytes)
[    0.605189] TCP: Hash tables configured (established 8192 bind 8192)
[    0.606565] UDP hash table entries: 512 (order: 2, 16384 bytes)
[    0.607729] UDP-Lite hash table entries: 512 (order: 2, 16384 bytes)
[    0.609047] NET: Registered protocol family 1
[    0.610034] pci 0000:00:00.0: Limiting direct PCI/PCI transfers
[    0.611230] pci 0000:00:01.0: Activating ISA DMA hang workarounds
[    0.612776] Unpacking initramfs...
[    0.832458] Freeing initrd memory: 14884K
[    0.833420] clocksource: tsc: mask: 0xffffffffffffffff max_cycles: 0x3990bc5adef, max_idle_ns: 881590438240 ns
[    0.835517] platform rtc_cmos: registered platform RTC device (no PNP device found)
[    0.837172] Scanning for low memory corruption every 60 seconds
[    0.839478] audit: initializing netlink subsys (disabled)
[    0.840602] audit: type=2000 audit(1600221610.244:1): initialized
[    0.842342] Initialise system trusted keyring
[    0.843491] HugeTLB registered 2 MB page size, pre-allocated 0 pages
[    0.846100] zbud: loaded
[    0.847170] VFS: Disk quotas dquot_6.6.0
[    0.848207] VFS: Dquot-cache hash table entries: 512 (order 0, 4096 bytes)
[    0.850965] squashfs: version 4.0 (2009/01/31) Phillip Lougher
[    0.852454] fuse init (API version 7.23)
[    0.853445] Key type big_key registered
[    0.854361] Allocating IMA MOK and blacklist keyrings.
[    0.858401] Key type asymmetric registered
[    0.859441] Asymmetric key parser 'x509' registered
[    0.861015] Block layer SCSI generic (bsg) driver version 0.4 loaded (major 249)
[    0.862963] io scheduler noop registered
[    0.863950] io scheduler deadline registered (default)
[    0.865064] io scheduler cfq registered
[    0.866131] pci_hotplug: PCI Hot Plug PCI Core version: 0.5
[    0.867286] pciehp: PCI Express Hot Plug Controller Driver version: 0.4
[    0.869081] ACPI: AC Adapter [AC] (on-line)
[    0.870245] input: Power Button as /devices/LNXSYSTM:00/LNXPWRBN:00/input/input0
[    0.872450] ACPI: Power Button [PWRF]
[    0.873539] input: Sleep Button as /devices/LNXSYSTM:00/LNXSLPBN:00/input/input1
[    0.875188] ACPI: Sleep Button [SLPF]
[    0.876236] GHES: HEST is not enabled!
[    0.877161] ACPI: Battery Slot [BAT0] (battery present)
[    0.878351] Serial: 8250/16550 driver, 32 ports, IRQ sharing enabled
[    0.900188] 00:02: ttyS0 at I/O 0x3f8 (irq = 4, base_baud = 115200) is a 16550A
[    0.903811] Linux agpgart interface v0.103
[    0.906516] loop: module loaded
[    0.907817] scsi host0: ata_piix
[    0.908734] scsi host1: ata_piix
[    0.909484] ata1: PATA max UDMA/33 cmd 0x1f0 ctl 0x3f6 bmdma 0xd000 irq 14
[    0.910847] ata2: PATA max UDMA/33 cmd 0x170 ctl 0x376 bmdma 0xd008 irq 15
[    0.912275] libphy: Fixed MDIO Bus: probed
[    0.913185] tun: Universal TUN/TAP device driver, 1.6
[    0.914265] tun: (C) 1999-2004 Max Krasnyansky <maxk@qualcomm.com>
[    0.915583] PPP generic driver version 2.4.2
[    0.916816] ehci_hcd: USB 2.0 'Enhanced' Host Controller (EHCI) Driver
[    0.918356] ehci-pci: EHCI PCI platform driver
[    0.919338] ehci-platform: EHCI generic platform driver
[    0.920428] ohci_hcd: USB 1.1 'Open' Host Controller (OHCI) Driver
[    0.921635] ohci-pci: OHCI PCI platform driver
[    0.922619] ohci-platform: OHCI generic platform driver
[    0.923733] uhci_hcd: USB Universal Host Controller Interface driver
[    0.925066] i8042: PNP: PS/2 Controller [PNP0303:PS2K,PNP0f03:PS2M] at 0x60,0x64 irq 1,12
[    0.927388] serio: i8042 KBD port at 0x60,0x64 irq 1
[    0.928602] serio: i8042 AUX port at 0x60,0x64 irq 12
[    0.929909] mousedev: PS/2 mouse device common for all mice
[    0.931371] input: AT Translated Set 2 keyboard as /devices/platform/i8042/serio0/input/input2
[    0.933542] rtc_cmos rtc_cmos: rtc core: registered rtc_cmos as rtc0
[    0.934873] rtc_cmos rtc_cmos: alarms up to one day, 114 bytes nvram
[    0.936113] i2c /dev entries driver
[    0.936950] device-mapper: uevent: version 1.0.3
[    0.938012] device-mapper: ioctl: 4.34.0-ioctl (2015-10-28) initialised: dm-devel@redhat.com
[    0.939958] ledtrig-cpu: registered to indicate activity on CPUs
[    0.941490] NET: Registered protocol family 10
[    0.942602] NET: Registered protocol family 17
[    0.943523] Key type dns_resolver registered
[    0.944779] registered taskstats version 1
[    0.945700] Loading compiled-in X.509 certificates
[    0.947675] Loaded X.509 cert 'Build time autogenerated kernel key: 06f0812676e66a24038557b34a5a5205bffb6390'
[    0.949704] zswap: loaded using pool lzo/zbud
[    0.952465] Key type trusted registered
[    0.955498] Key type encrypted registered
[    0.956356] AppArmor: AppArmor sha1 policy hashing enabled
[    0.957464] ima: No TPM chip found, activating TPM-bypass!
[    0.958621] ima: Allocated hash algorithm: sha1
[    0.959587] evm: HMAC attrs: 0x1
[    0.960634]   Magic number: 4:391:5
[    0.961496] rtc_cmos rtc_cmos: setting system clock to 2020-09-16 02:00:05 UTC (1600221605)
[    0.963536] BIOS EDD facility v0.16 2004-Jun-25, 0 devices found
[    0.964725] EDD information not available.
[    1.090236] Freeing unused kernel memory: 1492K
[    1.091632] Write protecting the kernel read-only data: 14336k
[    1.093791] Freeing unused kernel memory: 1592K
[    1.094907] Freeing unused kernel memory: 56K
Loading, please wait...
starting version 229
[    1.106811] random: systemd-udevd: uninitialized urandom read (16 bytes read, 3 bits of entropy available)
[    1.107161] random: udevadm: uninitialized urandom read (16 bytes read, 3 bits of entropy available)
[    1.107178] random: udevadm: uninitialized urandom read (16 bytes read, 3 bits of entropy available)
[    1.113510] random: systemd-udevd: uninitialized urandom read (16 bytes read, 3 bits of entropy available)
[    1.114235] random: udevadm: uninitialized urandom read (16 bytes read, 3 bits of entropy available)
[    1.114275] random: udevadm: uninitialized urandom read (16 bytes read, 3 bits of entropy available)
[    1.114391] random: udevadm: uninitialized urandom read (16 bytes read, 3 bits of entropy available)
[    1.114432] random: udevadm: uninitialized urandom read (16 bytes read, 3 bits of entropy available)
[    1.114472] random: udevadm: uninitialized urandom read (16 bytes read, 3 bits of entropy available)
[    1.114513] random: udevadm: uninitialized urandom read (16 bytes read, 3 bits of entropy available)
[    1.151878] e1000: Intel(R) PRO/1000 Network Driver - version 7.3.21-k8-NAPI
[    1.153937] e1000: Copyright (c) 1999-2006 Intel Corporation.
[    1.155991] Fusion MPT base driver 3.04.20
[    1.157154] Copyright (c) 1999-2008 LSI Corporation
[    1.171130] Fusion MPT SPI Host driver 3.04.20
[    1.196180] AVX2 version of gcm_enc/dec engaged.
[    1.197793] AES CTR mode by8 optimization enabled
[    1.399336] input: ImExPS/2 Generic Explorer Mouse as /devices/platform/i8042/serio1/input/input4
[    1.548140] e1000 0000:00:03.0 eth0: (PCI:33MHz:32-bit) 02:8f:67:5f:07:a5
[    1.550054] e1000 0000:00:03.0 eth0: Intel(R) PRO/1000 Network Connection
[    1.552612] e1000 0000:00:03.0 enp0s3: renamed from eth0
[    1.554285] mptbase: ioc0: Initiating bringup
[    1.622721] ioc0: LSI53C1030 A0: Capabilities={Initiator}
[    1.788544] scsi host2: ioc0: LSI53C1030 A0, FwRev=00000000h, Ports=1, MaxQ=256, IRQ=20
[    1.903931] scsi 2:0:0:0: Direct-Access     VBOX     HARDDISK         1.0  PQ: 0 ANSI: 5
[    1.907505] scsi target2:0:0: Beginning Domain Validation
[    1.911514] scsi target2:0:0: Domain Validation skipping write tests
[    1.913458] scsi target2:0:0: Ending Domain Validation
[    1.915313] scsi target2:0:0: asynchronous
[    1.916648] scsi 2:0:1:0: Direct-Access     VBOX     HARDDISK         1.0  PQ: 0 ANSI: 5
[    1.918358] scsi target2:0:1: Beginning Domain Validation
[    1.920246] scsi target2:0:1: Domain Validation skipping write tests
[    1.921531] scsi target2:0:1: Ending Domain Validation
[    1.922760] scsi target2:0:1: asynchronous
[    1.938778] sd 2:0:0:0: [sda] 20971520 512-byte logical blocks: (10.7 GB/10.0 GiB)
[    1.938827] sd 2:0:0:0: Attached scsi generic sg0 type 0
[    1.938957] sd 2:0:1:0: Attached scsi generic sg1 type 0
[    1.939454] sd 2:0:1:0: [sdb] 20480 512-byte logical blocks: (10.5 MB/10.0 MiB)
[    1.939756] sd 2:0:1:0: [sdb] Write Protect is off
[    1.939905] sd 2:0:1:0: [sdb] Incomplete mode parameter data
[    1.939906] sd 2:0:1:0: [sdb] Assuming drive cache: write through
[    1.943480] sd 2:0:1:0: [sdb] Attached SCSI disk
[    1.951466] sd 2:0:0:0: [sda] Write Protect is off
[    1.952917] sd 2:0:0:0: [sda] Incomplete mode parameter data
[    1.954120] sd 2:0:0:0: [sda] Assuming drive cache: write through
[    1.957040]  sda: sda1
[    1.958671] sd 2:0:0:0: [sda] Attached SCSI disk
Begin: Loading essential drivers ... [    3.247019] md: linear personality registered for level -1
[    3.251362] md: multipath personality registered for level -4
[    3.254801] md: raid0 personality registered for level 0
[    3.259199] md: raid1 personality registered for level 1
[    3.330195] raid6: sse2x1   gen() 11799 MB/s
[    3.397824] raid6: sse2x1   xor()  8332 MB/s
[    3.465704] raid6: sse2x2   gen() 15147 MB/s
[    3.533902] raid6: sse2x2   xor() 10360 MB/s
[    3.601686] raid6: sse2x4   gen() 17210 MB/s
[    3.669821] raid6: sse2x4   xor() 11189 MB/s
[    3.737710] raid6: avx2x1   gen() 21013 MB/s
[    3.805656] raid6: avx2x2   gen() 30534 MB/s
[    3.873818] raid6: avx2x4   gen() 30146 MB/s
[    3.874992] raid6: using algorithm avx2x2 gen() 30534 MB/s
[    3.876512] raid6: using avx2x2 recovery algorithm
[    3.879316] xor: automatically using best checksumming function:
[    3.921649]    avx       : 50387.000 MB/sec
[    3.924102] async_tx: api initialized (async)
[    3.935892] md: raid6 personality registered for level 6
[    3.937625] md: raid5 personality registered for level 5
[    3.938747] md: raid4 personality registered for level 4
[    3.946972] md: raid10 personality registered for level 10
done.
Begin: Running /scripts/init-premount ... done.
Begin: Mounting root file system ... Begin: Running /scripts/local-top ... done.
Begin: Running /scripts/local-premount ... [    3.974046] Btrfs loaded
Scanning for Btrfs filesystems
done.
Warning: fsck not present, so skipping root file system
[    4.000036] EXT4-fs (sda1): mounted filesystem with ordered data mode. Opts: (null)
done.
Begin: Running /scripts/local-bottom ... done.
Begin: Running /scripts/init-bottom ... done.
[    4.106829] systemd[1]: systemd 229 running in system mode. (+PAM +AUDIT +SELINUX +IMA +APPARMOR +SMACK +SYSVINIT +UTMP +LIBCRYPTSETUP +GCRYPT +GNUTLS +ACL +XZ -LZ4 +SECCOMP +BLKID +ELFUTILS +KMOD -IDN)
[    4.111002] systemd[1]: Detected virtualization oracle.
[    4.112164] systemd[1]: Detected architecture x86-64.

Welcome to [1mUbuntu 16.04.7 LTS[0m!

[    4.116614] systemd[1]: Set hostname to <xenial64>.
[    4.246701] systemd[1]: Listening on LVM2 poll daemon socket.
[[0;32m  OK  [0m] Listening on LVM2 poll daemon socket.
[    4.249308] systemd[1]: Reached target Swap.
[[0;32m  OK  [0m] Reached target Swap.
[    4.251240] systemd[1]: Created slice User and Session Slice.
[[0;32m  OK  [0m] Created slice User and Session Slice.
[    4.253337] systemd[1]: Reached target User and Group Name Lookups.
[[0;32m  OK  [0m] Reached target User and Group Name Lookups.
[    4.255613] systemd[1]: Listening on udev Control Socket.
[[0;32m  OK  [0m] Listening on udev Control Socket.
[    4.257638] systemd[1]: Listening on Syslog Socket.
[[0;32m  OK  [0m] Listening on Syslog Socket.
[    4.259503] systemd[1]: Listening on Device-mapper event daemon FIFOs.
[[0;32m  OK  [0m] Listening on Device-mapper event daemon FIFOs.
[    4.262111] systemd[1]: Created slice System Slice.
[[0;32m  OK  [0m] Created slice System Slice.
[    4.263971] systemd[1]: Reached target Slices.
[[0;32m  OK  [0m] Reached target Slices.
[    4.265602] systemd[1]: Listening on Journal Socket (/dev/log).
[[0;32m  OK  [0m] Listening on Journal Socket (/dev/log).
[    4.267820] systemd[1]: Listening on LVM2 metadata daemon socket.
[[0;32m  OK  [0m] Listening on LVM2 metadata daemon socket.
[    4.270100] systemd[1]: Started Forward Password Requests to Wall Directory Watch.
[[0;32m  OK  [0m] Started Forward Password Requests to Wall Directory Watch.
[    4.272952] systemd[1]: Listening on Journal Audit Socket.
[[0;32m  OK  [0m] Listening on Journal Audit Socket.
[    4.275015] systemd[1]: Listening on /dev/initctl Compatibility Named Pipe.
[[0;32m  OK  [0m] Listening on /dev/initctl Compatibility Named Pipe.
[    4.277759] systemd[1]: Set up automount Arbitrary Executable File Formats File System Automount Point.
[[0;32m  OK  [0m] Set up automount Arbitrary Executab...ats File System Automount Point.
[    4.280887] systemd[1]: Listening on udev Kernel Socket.
[[0;32m  OK  [0m] Listening on udev Kernel Socket.
[    4.283270] systemd[1]: Started Trigger resolvconf update for networkd DNS.
[[0;32m  OK  [0m] Started Trigger resolvconf update for networkd DNS.
[    4.286161] systemd[1]: Reached target Encrypted Volumes.
[[0;32m  OK  [0m] Reached target Encrypted Volumes.
[    4.288615] systemd[1]: Created slice system-serial\x2dgetty.slice.
[[0;32m  OK  [0m] Created slice system-serial\x2dgetty.slice.
[    4.290955] systemd[1]: Reached target System Time Synchronized.
[[0;32m  OK  [0m] Reached target System Time Synchronized.
[    4.293638] systemd[1]: Listening on Journal Socket.
[[0;32m  OK  [0m] Listening on Journal Socket.
[    4.309966] systemd[1]: Starting Load Kernel Modules...
         Starting Load Kernel Modules...
[    4.314137] systemd[1]: Starting Uncomplicated firewall...
         Starting Uncomplicated firewall...
[    4.318049] systemd[1]: Starting Create list of required static device nodes for the current kernel...
         Starting Create list of required st... nodes for the current kernel...
[    4.321932] systemd[1]: Starting Set console keymap...
         Starting Set console keymap...
[    4.324752] systemd[1]: Starting Remount Root and Kernel File Systems...
[    4.324758] Loading iSCSI transport class v2.0-870.
         Starting Remount Root and Kernel File Systems...
[    4.331963] systemd[1]: Starting Nameserver information manager...
         Starting Nameserver information manager...
[    4.335406] systemd[1]: Mounting POSIX Message Queue File System...
[    4.337019] EXT4-fs (sda1): re-mounted. Opts: (null)
         Mounting POSIX Message Queue File System...
[    4.340915] systemd[1]: Mounting Debug File System...
         Mounting Debug File System...
[    4.343318] systemd[1]: Starting Monitoring of LVM2 mirrors, snapshots etc. using dmeventd or progress polling...
         Starting Monitoring of LVM2 mirrors... dmeventd or progress polling...
[    4.347117] iscsi: registered transport (tcp)
[    4.347685] systemd[1]: Mounting Huge Pages File System...
         Mounting Huge Pages File System...
[    4.351292] systemd[1]: Starting Journal Service...
         Starting Journal Service...
[    4.354712] systemd[1]: Mounted Huge Pages File System.
[[0;32m  OK  [0m] Mounted Huge Pages File System.
[    4.357209] systemd[1]: Mounted Debug File System.
[[0;32m  OK  [0m] Mounted Debug File System.
[    4.359572] systemd[1]: Mounted POSIX Message Queue File System.
[[0;32m  OK  [0m] Mounted POSIX Message Queue File System.
[    4.362601] systemd[1]: Started Uncomplicated firewall.
[[0;32m  OK  [0m] Started Uncomplicated firewall.
[    4.366904] systemd[1]: Started Create list of required static device nodes for the current kernel.
[[0;32m  OK  [0m] Started Create list of required sta...ce nodes for the current kernel.
[    4.371058] systemd[1]: Started Remount Root and Kernel File Systems.
[[0;32m  OK  [0m] Started Remount Root and Kernel File Systems.
[    4.388892] systemd[1]: Started LVM2 metadata daemon.
[    4.390764] iscsi: registered transport (iser)
[[0;32m  OK  [0m] Started LVM2 metadata daemon.
[    4.395317] systemd[1]: Starting udev Coldplug all Devices...
         Starting udev Coldplug all Devices...
[    4.402666] systemd[1]: Starting Load/Save Random Seed...
         Starting Load/Save Random Seed...
[    4.406497] systemd[1]: Starting Create Static Device Nodes in /dev...
         Starting Create Static Device Nodes in /dev...
[    4.409098] systemd[1]: Started Journal Service.
[[0;32m  OK  [0m] Started Journal Service.
[[0;32m  OK  [0m] Started Load Kernel Modules.
[[0;32m  OK  [0m] Started Nameserver information manager.
[[0;32m  OK  [0m] Started Load/Save Random Seed.
         Mounting FUSE Control File System...
         Starting Apply Kernel Variables...
         Starting Flush Journal to Persistent Storage...
[[0;32m  OK  [0m] Mounted FUSE Control File System.
[[0;32m  OK  [0m] Started Set console keymap.
[[0;32m  OK  [0m] Started Create Static Device Nodes in /dev.
[[0;32m  OK  [0m] Started Apply Kernel Variables.
         Starting udev Kernel Device Manager...
[[0;32m  OK  [0m] Started Flush Journal to Persistent Storage.
[[0;32m  OK  [0m] Started udev Kernel Device Manager.
[[0;32m  OK  [0m] Started udev Coldplug all Devices.
[[0;32m  OK  [0m] Started Dispatch Password Requests to Console Directory Watch.
[[0;32m  OK  [0m] Found device /dev/ttyS0.
[[0;32m  OK  [0m] Listening on Load/Save RF Kill Switch Status /dev/rfkill Watch.
[[0;32m  OK  [0m] Found device 82540EM Gigabit Ethern...r (PRO/1000 MT Desktop Adapter).
[[0;32m  OK  [0m] Started Monitoring of LVM2 mirrors,...ng dmeventd or progress polling.
[[0;32m  OK  [0m] Reached target Local File Systems (Pre).
[[0;32m  OK  [0m] Reached target Local File Systems.
         Starting Initial cloud-init job (pre-networking)...
         Starting LSB: AppArmor initialization...
         Starting Set console font and keymap...
         Starting Tell Plymouth To Write Out Runtime Data...
         Starting Create Volatile Files and Directories...
[[0;32m  OK  [0m] Started Create Volatile Files and Directories.
         Starting Update UTMP about System Boot/Shutdown...
[[0;32m  OK  [0m] Started Tell Plymouth To Write Out Runtime Data.
[[0;32m  OK  [0m] Started Update UTMP about System Boot/Shutdown.
[[0;32m  OK  [0m] Started LSB: AppArmor initialization.
         Starting Load AppArmor profiles managed internally by snapd...
[[0;32m  OK  [0m] Started Load AppArmor profiles managed internally by snapd.
[[0;32m  OK  [0m] Started Set console font and keymap.
[[0;32m  OK  [0m] Created slice system-getty.slice.
[    5.857921] cloud-init[621]: Cloud-init v. 20.2-45-g5f7825e2-0ubuntu1~16.04.1 running 'init-local' at Wed, 16 Sep 2020 02:00:10 +0000. Up 5.62 seconds.
[[0;32m  OK  [0m] Started Initial cloud-init job (pre-networking).
[[0;32m  OK  [0m] Reached target Network (Pre).
         Starting Raise network interfaces...
[[0;32m  OK  [0m] Started ifup for enp0s3.
[[0;32m  OK  [0m] Started Raise network interfaces.
[[0;32m  OK  [0m] Reached target Network.
         Starting Initial cloud-init job (metadata service crawler)...
[    6.529054] cloud-init[1093]: Cloud-init v. 20.2-45-g5f7825e2-0ubuntu1~16.04.1 running 'init' at Wed, 16 Sep 2020 02:00:11 +0000. Up 6.32 seconds.
[    6.531159] cloud-init[1093]: ci-info: +++++++++++++++++++++++++++++++++++++Net device info++++++++++++++++++++++++++++++++++++++
[    6.533514] cloud-init[1093]: ci-info: +--------+------+---------------------------+---------------+--------+-------------------+
[    6.535604] cloud-init[1093]: ci-info: | Device |  Up  |          Address          |      Mask     | Scope  |     Hw-Address    |
[    6.537622] cloud-init[1093]: ci-info: +--------+------+---------------------------+---------------+--------+-------------------+
[    6.539411] cloud-init[1093]: ci-info: | enp0s3 | True |         10.0.2.15         | 255.255.255.0 | global | 02:8f:67:5f:07:a5 |
[    6.541484] cloud-init[1093]: ci-info: | enp0s3 | True | fe80::8f:67ff:fe5f:7a5/64 |       .       |  link  | 02:8f:67:5f:07:a5 |
[    6.543659] cloud-init[1093]: ci-info: |   lo   | True |         127.0.0.1         |   255.0.0.0   |  host  |         .         |
[    6.545831] cloud-init[1093]: ci-info: |   lo   | True |          ::1/128          |       .       |  host  |         .         |
[    6.548259] cloud-init[1093]: ci-info: +--------+------+---------------------------+---------------+--------+-------------------+
[    6.550547] cloud-init[1093]: ci-info: +++++++++++++++++++++++++++Route IPv4 info++++++++++++++++++++++++++++
[    6.552382] cloud-init[1093]: ci-info: +-------+-------------+----------+---------------+-----------+-------+
[    6.554260] cloud-init[1093]: ci-info: | Route | Destination | Gateway  |    Genmask    | Interface | Flags |
[    6.556159] cloud-init[1093]: ci-info: +-------+-------------+----------+---------------+-----------+-------+
[    6.558087] cloud-init[1093]: ci-info: |   0   |   0.0.0.0   | 10.0.2.2 |    0.0.0.0    |   enp0s3  |   UG  |
[    6.559990] [[0;32m  OK  [0m] Started Initial cloud-init job (metadata service crawler).
[[0;32m  OK  [0m] Reached target Cloud-config availability.
[[0;32m  OK  [0m] Reached target Network is Online.
cloud-init[1093]: ci-info: |   1   |   10.0.2.0  | 0.0.0.0  | 255.255.255.0 |   enp0s3  |   U   |
[    6.565367] cloud-init[1093]: ci-info: +-------+-------------+----------+---------------+-----------+-------+
[    6.567052] cloud-init[1093]: ci-info: +++++++++++++++++++Route IPv6 info+++++++++++++++++++
[    6.569216] cloud-init[1093]: ci-info: +-------+-------------+---------+-----------+-------+
[    6.570726] cloud-init[1093]: ci-info: | Route | Destination | Gateway | Interface | Flags |
[    6.572440] cloud-init[1093]: ci-info: +-------+-------------+---------+-----------+-------+
[    6.573951] cloud-init[1093]: ci-info: |   0   |  fe80::/64  |    ::   |   enp0s3  |   U   |
[    6.575301] cloud-init[1093]: ci-info: |   3   |   ff00::/8  |    ::   |   enp0s3  |   U   |
[    6.576527] cloud-init[1093]: ci-info: +-------+-------------+---------+-----------+-------+
         Starting iSCSI initiator daemon (iscsid)...
[[0;32m  OK  [0m] Reached target System Initialization.
[[0;32m  OK  [0m] Listening on D-Bus System Message Bus Socket.
[[0;32m  OK  [0m] Started Daily apt download activities.
         Starting Docker Socket for the API.
         Starting LXD - unix socket.
[[0;32m  OK  [0m] Listening on ACPID Listen Socket.
[[0;32m  OK  [0m] Started Daily Cleanup of Temporary Directories.
[[0;32m  OK  [0m] Listening on UUID daemon activation socket.
[[0;32m  OK  [0m] Started Daily apt upgrade and clean activities.
         Starting Socket activation for snappy daemon.
[[0;32m  OK  [0m] Started Message of the Day.
[[0;32m  OK  [0m] Reached target Timers.
[[0;32m  OK  [0m] Started ACPI Events Check.
[[0;32m  OK  [0m] Reached target Paths.
[[0;32m  OK  [0m] Listening on Docker Socket for the API.
[[0;32m  OK  [0m] Listening on LXD - unix socket.
[[0;32m  OK  [0m] Listening on Socket activation for snappy daemon.
[[0;32m  OK  [0m] Reached target Sockets.
[[0;32m  OK  [0m] Reached target Basic System.
[[0;32m  OK  [0m] Started FUSE filesystem for LXC.
         Starting LSB: MD monitoring daemon...
         Starting Message of the Day...
[[0;32m  OK  [0m] Started D-Bus System Message Bus.
[[0;32m  OK  [0m] Started Deferred execution scheduler.
         Starting Virtualbox guest utils...
         Starting LSB: Record successful boot for GRUB...
         Starting Accounts Service...
[[0;32m  OK  [0m] Started ACPI event daemon.
         Starting LXD - container startup/shutdown...
         Starting System Logging Service...
         Starting Ubuntu FAN network setup...
         Starting /etc/rc.local Compatibility...
         Starting containerd container runtime...
         Starting Pollinate to seed the pseudo random number generator...
         Starting Snap Daemon...
[[0;32m  OK  [0m] Started Regular background program processing daemon.
         Starting Login Service...
[[0;32m  OK  [0m] Started iSCSI initiator daemon (iscsid).
[[0;32m  OK  [0m] Started Message of the Day.
[[0;32m  OK  [0m] Started Ubuntu FAN network setup.
[[0;32m  OK  [0m] Started /etc/rc.local Compatibility.
         Starting Login to default iSCSI targets...
         Starting Authenticate and Authorize Users to Run Privileged Tasks...
[[0;32m  OK  [0m] Started containerd container runtime.
[[0;32m  OK  [0m] Started LSB: MD monitoring daemon.
         Starting Docker Application Container Engine...
[[0;32m  OK  [0m] Started System Logging Service.
[[0;32m  OK  [0m] Started Login Service.
[[0;32m  OK  [0m] Started Unattended Upgrades Shutdown.
[[0;32m  OK  [0m] Started LSB: Record successful boot for GRUB.
[[0;32m  OK  [0m] Started Login to default iSCSI targets.
[[0;32m  OK  [0m] Reached target Remote File Systems (Pre).
[[0;32m  OK  [0m] Reached target Remote File Systems.
         Starting LSB: Set up cgroupfs mounts....
         Starting Permit User Sessions...
         Starting LSB: Set the CPU Frequency Scaling governor to "ondemand"...
         Starting LSB: automatic crash report generation...
         Starting LSB: daemon to balance interrupts for SMP systems...
[[0;32m  OK  [0m] Started Permit User Sessions.
         Starting Terminate Plymouth Boot Screen...
         Starting Hold until boot process finishes up...
[[0;32m  OK  [0m] Started LSB: Set up cgroupfs mounts..
[[0;32m  OK  [0m] Started Hold until boot process finishes up.
[[0;32m  OK  [0m] Started Serial Getty on ttyS0.
[[0;32m  OK  [0m] Started Getty on tty1.
[[0;32m  OK  [0m] Reached target Login Prompts.
         Starting Set console scheme...
[[0;32m  OK  [0m] Started Terminate Plymouth Boot Screen.
[[0;32m  OK  [0m] Started Authenticate and Authorize Users to Run Privileged Tasks.
[[0;32m  OK  [0m] Started Set console scheme.
[[0;32m  OK  [0m] Started Accounts Service.
[[0;32m  OK  [0m] Started LSB: Set the CPU Frequency Scaling governor to "ondemand".
[[0;32m  OK  [0m] Started LSB: automatic crash report generation.
[[0;32m  OK  [0m] Started LXD - container startup/shutdown.
[[0;32m  OK  [0m] Started LSB: daemon to balance interrupts for SMP systems.
[[0;32m  OK  [0m] Started Virtualbox guest utils.
[[0;32m  OK  [0m] Started Snap Daemon.
         Starting Wait until snapd is fully seeded...
[[0;32m  OK  [0m] Started Wait until snapd is fully seeded.
         Starting Apply the settings specified in cloud-config...
[    7.743991] cloud-init[1422]: Cloud-init v. 20.2-45-g5f7825e2-0ubuntu1~16.04.1 running 'modules:config' at Wed, 16 Sep 2020 02:00:12 +0000. Up 7.63 seconds.
[[0;32m  OK  [0m] Started Apply the settings specified in cloud-config.
[[0;32m  OK  [0m] Started Docker Application Container Engine.
[[0;32m  OK  [0m] Started Pollinate to seed the pseudo random number generator.
         Starting OpenBSD Secure Shell server...
[[0;32m  OK  [0m] Started OpenBSD Secure Shell server.
[[0;32m  OK  [0m] Reached target Multi-User System.
[[0;32m  OK  [0m] Reached target Graphical Interface.
         Starting Execute cloud user/final scripts...
         Starting Update UTMP about System Runlevel Changes...
[[0;32m  OK  [0m] Started Update UTMP about System Runlevel Changes.
[    8.934980] cloud-init[1635]: Cloud-init v. 20.2-45-g5f7825e2-0ubuntu1~16.04.1 running 'modules:final' at Wed, 16 Sep 2020 02:00:13 +0000. Up 8.85 seconds.
[    8.937008] cloud-init[1635]: Cloud-init v. 20.2-45-g5f7825e2-0ubuntu1~16.04.1 finished at Wed, 16 Sep 2020 02:00:13 +0000. Datasource DataSourceNoCloud [seed=/dev/sdb][dsmode=net].  Up 8.92 seconds
[[0;32m  OK  [0m] Started Execute cloud user/final scripts.
         Starting Daily apt download activities...
[[0;32m  OK  [0m] Reached target Cloud-init target.

Ubuntu 16.04.7 LTS xenial64 ttyS0

xenial64 login: [[0;32m  OK  [0m] Stopped Unattended Upgrades Shutdown.
[[0;32m  OK  [0m] Stopped target Cloud-init target.
[[0;32m  OK  [0m] Stopped Execute cloud user/final scripts.
         Stopping Session 2 of user vagrant.
         Stopping Session 10 of user vagrant.
         Stopping ACPI event daemon...
[[0;32m  OK  [0m] Stopped target Graphical Interface.
         Stopping Authenticate and Authorize Users to Run Privileged Tasks...
[[0;32m  OK  [0m] Closed Load/Save RF Kill Switch Status /dev/rfkill Watch.
[[0;32m  OK  [0m] Stopped target Timers.
[[0;32m  OK  [0m] Stopped Daily Cleanup of Temporary Directories.
[[0;32m  OK  [0m] Stopped Message of the Day.
         Stopping Accounts Service...
         Stopping User Manager for UID 1000...
[[0;32m  OK  [0m] Stopped Apply the settings specified in cloud-config.
[[0;32m  OK  [0m] Stopped target Cloud-config availability.
[[0;32m  OK  [0m] Stopped target Multi-User System.
[[0;32m  OK  [0m] Stopped Wait until snapd is fully seeded.
         Stopping LSB: Set the CPU Frequency Scaling governor to "ondemand"...
         Stopping LSB: automatic crash report generation...
         Stopping LSB: Record successful boot for GRUB...
         Stopping LSB: MD monitoring daemon...
         Stopping Regular background program processing daemon...
[[0;32m  OK  [0m] St         Stopping Serial Getty on ttyS0...
         Stopping Getty on tty1...
         Stopping OpenBSD Secure Shell server...
         Stopping Virtualbox guest utils...
         Stopping Deferred execution scheduler...
         Stopping Ubuntu FAN network setup...
         Stopping LSB: daemon to balance interrupts for SMP systems...
         Stopping FUSE filesystem for LXC...
         Stopping Docker Application Container Engine...
         Stopping LSB: Set up cgroupfs mounts....
[[0;32m  OK  [0m] Stopped Daily apt upgrade and clean activities.
[[0;32m  OK  [0m] Stopped Daily apt download activities.
[[0;32m  OK  [0m] Stopped target System Time Synchronized.
         Stopping LXD - container startup/shutdown...
         Stopping System Logging Service...
         Stopping D-Bus System Message Bus...
[[0;32m  OK  [0m] Unmounted /var/lib/lxcfs.
[[0;32m  OK  [0m] Stopped Deferred execution scheduler.
[[0;32m  OK  [0m] Stopped Accounts Service.
[[0;32m  OK  [0m] Stopped ACPI event daemon.
[[0;32m  OK  [0m] Stopped System Logging Service.
[[0;32m  OK  [0m] Stopped Regular background program processing daemon.
[[0;32m  OK  [0m] Stopped Authenticate and Authorize Users to Run Privileged Tasks.
[[0;32m  OK  [0m] Stopped Serial Getty on ttyS0.
[[0;32m  OK  [0m] Stopped Getty on tty1.
[[0;32m  OK  [0m] Stopped OpenBSD Secure Shell server.
[[0;32m  OK  [0m] Stopped User Manager for UID 1000.
[[0;32m  OK  [0m] Stopped Session 2 of user vagrant.
[[0;32m  OK  [0m] Stopped Session 10 of user vagrant.
[[0;32m  OK  [0m] Stopped Ubuntu FAN network setup.
[[0;32m  OK  [0m] Stopped LSB: Set up cgroupfs mounts..
[[0;32m  OK  [0m] Stopped D-Bus System Message Bus.
[[0;32m  OK  [0m] Stopped FUSE filesystem for LXC.
[[0;32m  OK  [0m] Stopped LSB: Record successful boot for GRUB.
[[0;32m  OK  [0m] Stopped LSB: automatic crash report generation.
[[0;32m  OK  [0m] Stopped LSB: Set the CPU Frequency Scaling governor to "ondemand".
[[0;32m  OK  [0m] Stopped LSB: MD monitoring daemon.
[[0;32m  OK  [0m] Stopped LSB: daemon to balance interrupts for SMP systems.
[[0;32m  OK  [0m] Stopped LXD - container startup/shutdown.
[[0;32m  OK  [0m] Stopped Virtualbox guest utils.
[[0;32m  OK  [0m] Removed slice User Slice of vagrant.
         Stopping Login Service...
[[0;32m  OK  [0m] Removed slice system-getty.slice.
         Stopping Permit User Sessions...
[[0;32m  OK  [0m] Stopped /etc/rc.local Compatibility.
[[0;32m  OK  [0m] Removed slice system-serial\x2dgetty.slice.
[[0;32m  OK  [0m] Stopped Permit User Sessions.
[[0;32m  OK  [0m] Stopped target Remote File Systems.
[[0;32m  OK  [0m] Stopped target Remote File Systems (Pre).
         Stopping Login to default iSCSI targets...
[[0;32m  OK  [0m] Stopped Login Service.
[[0;32m  OK  [0m] Stopped target User and Group Name Lookups.
[[0;32m  OK  [0m] Stopped Login to default iSCSI targets.
         Stopping iSCSI initiator daemon (iscsid)...
[[0;32m  OK  [0m] Stopped iSCSI initiator daemon (iscsid).
[[0;32m  OK  [0m] Unmounted /run/docker/netns/d106710e672e.
[[0;32m  OK  [0m] Unmounted /var/lib/docker/container...d2d9b42323d541fea081/mounts/shm.
[[0;32m  OK  [0m] Unmounted /var/lib/docker/overlay2/...019eba0bbc18b8ce0bc78f02/merged.
[[0;32m  OK  [0m] Unmounted /run/docker/netns/3f0ddcb6d6a8.
[[0;32m  OK  [0m] Unmounted /var/lib/docker/container...c9d3b50e7a02c2dce132/mounts/shm.
[[0;32m  OK  [0m] Unmounted /var/lib/docker/overlay2/...e66820935c2fff0c5fbdd75b/merged.
[[0;32m  OK  [0m] Unmounted /run/docker/netns/fe7cf8a4fd45.
[[0;32m  OK  [0m] Unmounted /var/lib/docker/container...ce92cce304f8f00f44e4/mounts/shm.
[[0;32m  OK  [0m] Unmounted /var/lib/docker/overlay2/...b4a4849e6ad3144c9fc010a0/merged.
[[0;32m  OK  [0m] Unmounted /run/docker/netns/c7748aacb03a.
[[0;32m  OK  [0m] Unmounted /var/lib/docker/container...31cea35f2106e040ede0/mounts/shm.
[[0;32m  OK  [0m] Unmounted /var/lib/docker/overlay2/...751abfa9240b1472a311bd85/merged.
[[0;32m  OK  [0m] Stopped Docker Application Container Engine.
         Stopping containerd container runtime...
[[0;32m  OK  [0m] Stopped target Network is Online.
[[0;32m  OK  [0m] Stopped containerd container runtime.
[[0;32m  OK  [0m] Stopped target Basic System.
[[0;32m  OK  [0m] Stopped target Paths.
[[0;32m  OK  [0m] Stopped Dispatch Password Requests to Console Directory Watch.
[[0;32m  OK  [0m] Stopped ACPI Events Check.
[[0;32m  OK  [0m] Stopped Forward Password Requests to Wall Directory Watch.
[[0;32m  OK  [0m] Stopped target Slices.
[[0;32m  OK  [0m] Removed slice User and Session Slice.
[[0;32m  OK  [0m] Stopped target Sockets.
[[0;32m  OK  [0m] Closed LXD - unix socket.
[[0;32m  OK  [0m] Closed D-Bus System Message Bus Socket.
[[0;32m  OK  [0m] Closed Socket activation for snappy daemon.
[[0;32m  OK  [0m] Closed Docker Socket for the API.
[[0;32m  OK  [0m] Closed UUID daemon activation socket.
[[0;32m  OK  [0m] Closed ACPID Listen Socket.
[[0;32m  OK  [0m] Stopped target System Initialization.
[[0;32m  OK  [0m] Stopped target Swap.
         Stopping Load/Save Random Seed...
[[0;32m  OK  [0m] Stopped target Encrypted Volumes.
         Stopping Update UTMP about System Boot/Shutdown...
[[0;32m  OK  [0m] Stopped Initial cloud-init job (metadata service crawler).
[[0;32m  OK  [0m] Closed Syslog Socket.
[[0;32m  OK  [0m] Stopped target Network.
         Stopping Raise network interfaces...
[[0;32m  OK  [0m] Stopped Load/Save Random Seed.
[[0;32m  OK  [0m] Stopped Update UTMP about System Boot/Shutdown.
[[0;32m  OK  [0m] Stopped Create Volatile Files and Directories.
[[0;32m  OK  [0m] Stopped Raise network interfaces.
[[0;32m  OK  [0m] Stopped Apply Kernel Variables.
[[0;32m  OK  [0m] Stopped target Local File Systems.
         Unmounting /run/user/1000...
[[0;32m  OK  [0m] Stopped Load Kernel Modules.
[[0;32m  OK  [0m] Stopped target Network (Pre).
[[0;32m  OK  [0m] Stopped Initial cloud-init job (pre-networking).
[[0;32m  OK  [0m] Unmounted /run/user/1000.
[[0;32m  OK  [0m] Reached target Unmount All Filesystems.
[[0;32m  OK  [0m] Stopped target Local File Systems (Pre).
[[0;32m  OK  [0m] Stopped Remount Root and Kernel File Systems.
[[0;32m  OK  [0m] Stopped Create Static Device Nodes in /dev.
[[0;32m  OK  [0m] Reached target Shutdown.
[16086.571476] reboot: Power down
