[    0.000000] Initializing cgroup subsys cpuset
[    0.000000] Initializing cgroup subsys cpu
[    0.000000] Initializing cgroup subsys cpuacct
[    0.000000] Linux version 4.4.0-189-generic (buildd@lgw01-amd64-047) (gcc version 5.4.0 20160609 (Ubuntu 5.4.0-6ubuntu1~16.04.12) ) #219-Ubuntu SMP Tue Aug 11 12:26:50 UTC 2020 (Ubuntu 4.4.0-189.219-generic 4.4.232)
[    0.000000] Command line: BOOT_IMAGE=/boot/vmlinuz-4.4.0-189-generic root=LABEL=cloudimg-rootfs ro console=tty1 console=ttyS0
[    0.000000] KERNEL supported cpus:
[    0.000000]   Intel GenuineIntel
[    0.000000]   AMD AuthenticAMD
[    0.000000]   Centaur CentaurHauls
[    0.000000] x86/fpu: xstate_offset[2]:  576, xstate_sizes[2]:  256
[    0.000000] x86/fpu: Supporting XSAVE feature 0x01: 'x87 floating point registers'
[    0.000000] x86/fpu: Supporting XSAVE feature 0x02: 'SSE registers'
[    0.000000] x86/fpu: Supporting XSAVE feature 0x04: 'AVX registers'
[    0.000000] x86/fpu: Enabled xstate features 0x7, context size is 832 bytes, using 'standard' format.
[    0.000000] e820: BIOS-provided physical RAM map:
[    0.000000] BIOS-e820: [mem 0x0000000000000000-0x000000000009fbff] usable
[    0.000000] BIOS-e820: [mem 0x000000000009fc00-0x000000000009ffff] reserved
[    0.000000] BIOS-e820: [mem 0x00000000000f0000-0x00000000000fffff] reserved
[    0.000000] BIOS-e820: [mem 0x0000000000100000-0x000000003ffeffff] usable
[    0.000000] BIOS-e820: [mem 0x000000003fff0000-0x000000003fffffff] ACPI data
[    0.000000] BIOS-e820: [mem 0x00000000fec00000-0x00000000fec00fff] reserved
[    0.000000] BIOS-e820: [mem 0x00000000fee00000-0x00000000fee00fff] reserved
[    0.000000] BIOS-e820: [mem 0x00000000fffc0000-0x00000000ffffffff] reserved
[    0.000000] NX (Execute Disable) protection: active
[    0.000000] SMBIOS 2.5 present.
[    0.000000] Hypervisor detected: KVM
[    0.000000] e820: last_pfn = 0x3fff0 max_arch_pfn = 0x400000000
[    0.000000] MTRR: Disabled
[    0.000000] x86/PAT: MTRRs disabled, skipping PAT initialization too.
[    0.000000] CPU MTRRs all blank - virtualized system.
[    0.000000] x86/PAT: Configuration [0-7]: WB  WT  UC- UC  WB  WT  UC- UC  
[    0.000000] found SMP MP-table at [mem 0x0009fff0-0x0009ffff] mapped at [ffff88000009fff0]
[    0.000000] Scanning 1 areas for low memory corruption
[    0.000000] RAMDISK: [mem 0x362de000-0x37166fff]
[    0.000000] ACPI: Early table checksum verification disabled
[    0.000000] ACPI: RSDP 0x00000000000E0000 000024 (v02 VBOX  )
[    0.000000] ACPI: XSDT 0x000000003FFF0030 00003C (v01 VBOX   VBOXXSDT 00000001 ASL  00000061)
[    0.000000] ACPI: FACP 0x000000003FFF00F0 0000F4 (v04 VBOX   VBOXFACP 00000001 ASL  00000061)
[    0.000000] ACPI: DSDT 0x000000003FFF0470 002325 (v02 VBOX   VBOXBIOS 00000002 INTL 20100528)
[    0.000000] ACPI: FACS 0x000000003FFF0200 000040
[    0.000000] ACPI: FACS 0x000000003FFF0200 000040
[    0.000000] ACPI: APIC 0x000000003FFF0240 00005C (v02 VBOX   VBOXAPIC 00000001 ASL  00000061)
[    0.000000] ACPI: SSDT 0x000000003FFF02A0 0001CC (v01 VBOX   VBOXCPUT 00000002 INTL 20100528)
[    0.000000] No NUMA configuration found
[    0.000000] Faking a node at [mem 0x0000000000000000-0x000000003ffeffff]
[    0.000000] NODE_DATA(0) allocated [mem 0x3ffeb000-0x3ffeffff]
[    0.000000] kvm-clock: Using msrs 4b564d01 and 4b564d00
[    0.000000] kvm-clock: cpu 0, msr 0:3ffe3001, primary cpu clock
[    0.000000] kvm-clock: using sched offset of 3534885735 cycles
[    0.000000] clocksource: kvm-clock: mask: 0xffffffffffffffff max_cycles: 0x1cd42e4dffb, max_idle_ns: 881590591483 ns
[    0.000000] Zone ranges:
[    0.000000]   DMA      [mem 0x0000000000001000-0x0000000000ffffff]
[    0.000000]   DMA32    [mem 0x0000000001000000-0x000000003ffeffff]
[    0.000000]   Normal   empty
[    0.000000]   Device   empty
[    0.000000] Movable zone start for each node
[    0.000000] Early memory node ranges
[    0.000000]   node   0: [mem 0x0000000000001000-0x000000000009efff]
[    0.000000]   node   0: [mem 0x0000000000100000-0x000000003ffeffff]
[    0.000000] Initmem setup node 0 [mem 0x0000000000001000-0x000000003ffeffff]
[    0.000000] ACPI: PM-Timer IO Port: 0x4008
[    0.000000] IOAPIC[0]: apic_id 2, version 32, address 0xfec00000, GSI 0-23
[    0.000000] ACPI: INT_SRC_OVR (bus 0 bus_irq 0 global_irq 2 dfl dfl)
[    0.000000] ACPI: INT_SRC_OVR (bus 0 bus_irq 9 global_irq 9 low level)
[    0.000000] Using ACPI (MADT) for SMP configuration information
[    0.000000] smpboot: Allowing 2 CPUs, 0 hotplug CPUs
[    0.000000] PM: Registered nosave memory: [mem 0x00000000-0x00000fff]
[    0.000000] PM: Registered nosave memory: [mem 0x0009f000-0x0009ffff]
[    0.000000] PM: Registered nosave memory: [mem 0x000a0000-0x000effff]
[    0.000000] PM: Registered nosave memory: [mem 0x000f0000-0x000fffff]
[    0.000000] e820: [mem 0x40000000-0xfebfffff] available for PCI devices
[    0.000000] Booting paravirtualized kernel on KVM
[    0.000000] clocksource: refined-jiffies: mask: 0xffffffff max_cycles: 0xffffffff, max_idle_ns: 7645519600211568 ns
[    0.000000] setup_percpu: NR_CPUS:512 nr_cpumask_bits:512 nr_cpu_ids:2 nr_node_ids:1
[    0.000000] PERCPU: Embedded 33 pages/cpu @ffff88003fc00000 s95512 r8192 d31464 u1048576
[    0.000000] Built 1 zonelists in Node order, mobility grouping on.  Total pages: 257912
[    0.000000] Policy zone: DMA32
[    0.000000] Kernel command line: BOOT_IMAGE=/boot/vmlinuz-4.4.0-189-generic root=LABEL=cloudimg-rootfs ro console=tty1 console=ttyS0
[    0.000000] PID hash table entries: 4096 (order: 3, 32768 bytes)
[    0.000000] Memory: 997660K/1048120K available (8636K kernel code, 1337K rwdata, 4040K rodata, 1492K init, 1296K bss, 50460K reserved, 0K cma-reserved)
[    0.000000] SLUB: HWalign=64, Order=0-3, MinObjects=0, CPUs=2, Nodes=1
[    0.000000] Kernel/User page tables isolation: enabled
[    0.000000] Hierarchical RCU implementation.
[    0.000000] 	Build-time adjustment of leaf fanout to 64.
[    0.000000] 	RCU restricting CPUs from NR_CPUS=512 to nr_cpu_ids=2.
[    0.000000] RCU: Adjusting geometry for rcu_fanout_leaf=64, nr_cpu_ids=2
[    0.000000] NR_IRQS:33024 nr_irqs:440 16
[    0.000000] Console: colour VGA+ 80x25
[    0.000000] console [tty1] enabled
[    0.000000] console [ttyS0] enabled
[    0.000000] tsc: Detected 1996.799 MHz processor
[    0.158526] Calibrating delay loop (skipped) preset value.. 3993.59 BogoMIPS (lpj=7987196)
[    0.160282] pid_max: default: 32768 minimum: 301
[    0.161236] ACPI: Core revision 20150930
[    0.163031] ACPI: 2 ACPI AML tables successfully acquired and loaded
[    0.165388] Security Framework initialized
[    0.166302] Yama: becoming mindful.
[    0.167174] AppArmor: AppArmor initialized
[    0.168213] Dentry cache hash table entries: 131072 (order: 8, 1048576 bytes)
[    0.171127] Inode-cache hash table entries: 65536 (order: 7, 524288 bytes)
[    0.172549] Mount-cache hash table entries: 2048 (order: 2, 16384 bytes)
[    0.173873] Mountpoint-cache hash table entries: 2048 (order: 2, 16384 bytes)
[    0.175722] Initializing cgroup subsys io
[    0.176597] Initializing cgroup subsys memory
[    0.177501] Initializing cgroup subsys devices
[    0.178499] Initializing cgroup subsys freezer
[    0.179437] Initializing cgroup subsys net_cls
[    0.180367] Initializing cgroup subsys perf_event
[    0.181369] Initializing cgroup subsys net_prio
[    0.182361] Initializing cgroup subsys hugetlb
[    0.183575] Initializing cgroup subsys pids
[    0.188721] mce: CPU supports 0 MCE banks
[    0.189660] Last level iTLB entries: 4KB 0, 2MB 0, 4MB 0
[    0.190824] Last level dTLB entries: 4KB 0, 2MB 0, 4MB 0, 1GB 0
[    0.192026] Spectre V1 : Mitigation: usercopy/swapgs barriers and __user pointer sanitization
[    0.193911] Spectre V2 : Mitigation: Full generic retpoline
[    0.195069] Spectre V2 : Spectre v2 / SpectreRSB mitigation: Filling RSB on context switch
[    0.196913] Speculative Store Bypass: Vulnerable
[    0.198035] MDS: Mitigation: Clear CPU buffers
[    0.201666] Freeing SMP alternatives memory: 36K
[    0.208750] ftrace: allocating 32336 entries in 127 pages
[    0.276964] smpboot: APIC(0) Converting physical 0 to logical package 0
[    0.278901] smpboot: Max logical packages: 1
[    0.280045] x2apic enabled
[    0.280899] Switched APIC routing to physical x2apic.
[    0.282928] ..TIMER: vector=0x30 apic1=0 pin1=2 apic2=-1 pin2=-1
[    0.392954] smpboot: CPU0: Intel(R) Core(TM) i5-1038NG7 CPU @ 2.00GHz (family: 0x6, model: 0x7e, stepping: 0x5)
[    0.395453] Performance Events: unsupported p6 CPU model 126 no PMU driver, software events only.
[    0.408816] KVM setup paravirtual spinlock
[    0.410574] x86: Booting SMP configuration:
[    0.411508] .... node  #0, CPUs:      #1
[    0.412948] kvm-clock: cpu 1, msr 0:3ffe3041, secondary cpu clock
[    0.418208] mce: CPU supports 0 MCE banks
[    0.420856] x86: Booted up 1 node, 2 CPUs
[    0.422016] smpboot: Total of 2 processors activated (7987.19 BogoMIPS)
[    0.424399] devtmpfs: initialized
[    0.426252] evm: security.selinux
[    0.427006] evm: security.SMACK64
[    0.427757] evm: security.SMACK64EXEC
[    0.428554] evm: security.SMACK64TRANSMUTE
[    0.429466] evm: security.SMACK64MMAP
[    0.430300] evm: security.ima
[    0.431000] evm: security.capability
[    0.431988] clocksource: jiffies: mask: 0xffffffff max_cycles: 0xffffffff, max_idle_ns: 7645041785100000 ns
[    0.434697] futex hash table entries: 512 (order: 3, 32768 bytes)
[    0.436102] pinctrl core: initialized pinctrl subsystem
[    0.437354] RTC time:  2:57:48, date: 09/14/20
[    0.438499] NET: Registered protocol family 16
[    0.448828] cpuidle: using governor ladder
[    0.462087] cpuidle: using governor menu
[    0.463878] PCCT header not found.
[    0.464830] ACPI: bus type PCI registered
[    0.465872] acpiphp: ACPI Hot Plug PCI Controller Driver version: 0.5
[    0.467729] PCI: Using configuration type 1 for base access
[    0.482004] ACPI: Added _OSI(Module Device)
[    0.483316] ACPI: Added _OSI(Processor Device)
[    0.484604] ACPI: Added _OSI(3.0 _SCP Extensions)
[    0.485762] ACPI: Added _OSI(Processor Aggregator Device)
[    0.487790] ACPI: Executed 1 blocks of module-level executable AML code
[    0.491459] ACPI: Interpreter enabled
[    0.492316] ACPI: (supports S0 S5)
[    0.493164] ACPI: Using IOAPIC for interrupt routing
[    0.494346] PCI: Using host bridge windows from ACPI; if necessary, use "pci=nocrs" and report a bug
[    0.500162] ACPI: PCI Root Bridge [PCI0] (domain 0000 [bus 00-ff])
[    0.501559] acpi PNP0A03:00: _OSC: OS supports [ASPM ClockPM Segments MSI]
[    0.504264] acpi PNP0A03:00: _OSC: not requesting OS control; OS requires [ExtendedConfig ASPM ClockPM MSI]
[    0.506358] acpi PNP0A03:00: fail to add MMCONFIG information, can't access extended PCI configuration space under this bridge.
[    0.508994] PCI host bridge to bus 0000:00
[    0.509900] pci_bus 0000:00: root bus resource [io  0x0000-0x0cf7 window]
[    0.511234] pci_bus 0000:00: root bus resource [io  0x0d00-0xffff window]
[    0.512745] pci_bus 0000:00: root bus resource [mem 0x000a0000-0x000bffff window]
[    0.514803] pci_bus 0000:00: root bus resource [mem 0x40000000-0xfdffffff window]
[    0.516447] pci_bus 0000:00: root bus resource [bus 00-ff]
[    0.519774] pci 0000:00:01.1: legacy IDE quirk: reg 0x10: [io  0x01f0-0x01f7]
[    0.521250] pci 0000:00:01.1: legacy IDE quirk: reg 0x14: [io  0x03f6]
[    0.522586] pci 0000:00:01.1: legacy IDE quirk: reg 0x18: [io  0x0170-0x0177]
[    0.524616] pci 0000:00:01.1: legacy IDE quirk: reg 0x1c: [io  0x0376]
[    0.547106] pci 0000:00:07.0: quirk: [io  0x4000-0x403f] claimed by PIIX4 ACPI
[    0.548724] pci 0000:00:07.0: quirk: [io  0x4100-0x410f] claimed by PIIX4 SMB
[    0.554448] ACPI: PCI Interrupt Link [LNKA] (IRQs 5 9 10 *11)
[    0.556117] ACPI: PCI Interrupt Link [LNKB] (IRQs 5 9 *10 11)
[    0.558087] ACPI: PCI Interrupt Link [LNKC] (IRQs 5 *9 10 11)
[    0.559630] ACPI: PCI Interrupt Link [LNKD] (IRQs 5 9 10 *11)
[    0.561307] ACPI: Enabled 2 GPEs in block 00 to 07
[    0.562649] vgaarb: setting as boot device: PCI:0000:00:02.0
[    0.563827] vgaarb: device added: PCI:0000:00:02.0,decodes=io+mem,owns=io+mem,locks=none
[    0.565694] vgaarb: loaded
[    0.566329] vgaarb: bridge control possible 0000:00:02.0
[    0.567683] SCSI subsystem initialized
[    0.568656] ACPI: bus type USB registered
[    0.569618] usbcore: registered new interface driver usbfs
[    0.570701] usbcore: registered new interface driver hub
[    0.571776] usbcore: registered new device driver usb
[    0.573038] PCI: Using ACPI for IRQ routing
[    0.575563] NetLabel: Initializing
[    0.576323] NetLabel:  domain hash size = 128
[    0.577312] NetLabel:  protocols = UNLABELED CIPSOv4
[    0.578330] NetLabel:  unlabeled traffic allowed by default
[    0.579589] amd_nb: Cannot enumerate AMD northbridges
[    0.580700] clocksource: Switched to clocksource kvm-clock
[    0.589240] AppArmor: AppArmor Filesystem Enabled
[    0.590286] pnp: PnP ACPI init
[    0.591987] pnp: PnP ACPI: found 3 devices
[    0.601541] clocksource: acpi_pm: mask: 0xffffff max_cycles: 0xffffff, max_idle_ns: 2085701024 ns
[    0.603524] NET: Registered protocol family 2
[    0.604690] TCP established hash table entries: 8192 (order: 4, 65536 bytes)
[    0.606119] TCP bind hash table entries: 8192 (order: 5, 131072 bytes)
[    0.607408] TCP: Hash tables configured (established 8192 bind 8192)
[    0.608666] UDP hash table entries: 512 (order: 2, 16384 bytes)
[    0.609900] UDP-Lite hash table entries: 512 (order: 2, 16384 bytes)
[    0.611163] NET: Registered protocol family 1
[    0.612091] pci 0000:00:00.0: Limiting direct PCI/PCI transfers
[    0.613306] pci 0000:00:01.0: Activating ISA DMA hang workarounds
[    0.614666] Unpacking initramfs...
[    0.829305] Freeing initrd memory: 14884K
[    0.830641] clocksource: tsc: mask: 0xffffffffffffffff max_cycles: 0x3990bc5adef, max_idle_ns: 881590438240 ns
[    0.832804] platform rtc_cmos: registered platform RTC device (no PNP device found)
[    0.834620] Scanning for low memory corruption every 60 seconds
[    0.836361] audit: initializing netlink subsys (disabled)
[    0.837828] audit: type=2000 audit(1600052274.153:1): initialized
[    0.840252] Initialise system trusted keyring
[    0.841470] HugeTLB registered 2 MB page size, pre-allocated 0 pages
[    0.843761] zbud: loaded
[    0.844982] VFS: Disk quotas dquot_6.6.0
[    0.845875] VFS: Dquot-cache hash table entries: 512 (order 0, 4096 bytes)
[    0.847625] squashfs: version 4.0 (2009/01/31) Phillip Lougher
[    0.849237] fuse init (API version 7.23)
[    0.850237] Key type big_key registered
[    0.851106] Allocating IMA MOK and blacklist keyrings.
[    0.853318] Key type asymmetric registered
[    0.854231] Asymmetric key parser 'x509' registered
[    0.855289] Block layer SCSI generic (bsg) driver version 0.4 loaded (major 249)
[    0.857082] io scheduler noop registered
[    0.858008] io scheduler deadline registered (default)
[    0.859143] io scheduler cfq registered
[    0.860101] pci_hotplug: PCI Hot Plug PCI Core version: 0.5
[    0.861359] pciehp: PCI Express Hot Plug Controller Driver version: 0.4
[    0.863072] ACPI: AC Adapter [AC] (on-line)
[    0.864157] input: Power Button as /devices/LNXSYSTM:00/LNXPWRBN:00/input/input0
[    0.865888] ACPI: Power Button [PWRF]
[    0.866821] input: Sleep Button as /devices/LNXSYSTM:00/LNXSLPBN:00/input/input1
[    0.868506] ACPI: Sleep Button [SLPF]
[    0.869654] GHES: HEST is not enabled!
[    0.870852] ACPI: Battery Slot [BAT0] (battery present)
[    0.872004] Serial: 8250/16550 driver, 32 ports, IRQ sharing enabled
[    0.894056] 00:02: ttyS0 at I/O 0x3f8 (irq = 4, base_baud = 115200) is a 16550A
[    0.898808] Linux agpgart interface v0.103
[    0.902503] loop: module loaded
[    0.904454] scsi host0: ata_piix
[    0.905389] scsi host1: ata_piix
[    0.906279] ata1: PATA max UDMA/33 cmd 0x1f0 ctl 0x3f6 bmdma 0xd000 irq 14
[    0.907644] ata2: PATA max UDMA/33 cmd 0x170 ctl 0x376 bmdma 0xd008 irq 15
[    0.909338] libphy: Fixed MDIO Bus: probed
[    0.910232] tun: Universal TUN/TAP device driver, 1.6
[    0.911274] tun: (C) 1999-2004 Max Krasnyansky <maxk@qualcomm.com>
[    0.912608] PPP generic driver version 2.4.2
[    0.913686] ehci_hcd: USB 2.0 'Enhanced' Host Controller (EHCI) Driver
[    0.914962] ehci-pci: EHCI PCI platform driver
[    0.915924] ehci-platform: EHCI generic platform driver
[    0.917257] ohci_hcd: USB 1.1 'Open' Host Controller (OHCI) Driver
[    0.918497] ohci-pci: OHCI PCI platform driver
[    0.919579] ohci-platform: OHCI generic platform driver
[    0.920673] uhci_hcd: USB Universal Host Controller Interface driver
[    0.922120] i8042: PNP: PS/2 Controller [PNP0303:PS2K,PNP0f03:PS2M] at 0x60,0x64 irq 1,12
[    0.924341] serio: i8042 KBD port at 0x60,0x64 irq 1
[    0.925528] serio: i8042 AUX port at 0x60,0x64 irq 12
[    0.926827] mousedev: PS/2 mouse device common for all mice
[    0.928487] input: AT Translated Set 2 keyboard as /devices/platform/i8042/serio0/input/input2
[    0.930888] rtc_cmos rtc_cmos: rtc core: registered rtc_cmos as rtc0
[    0.932315] rtc_cmos rtc_cmos: alarms up to one day, 114 bytes nvram
[    0.933639] i2c /dev entries driver
[    0.934486] device-mapper: uevent: version 1.0.3
[    0.935556] device-mapper: ioctl: 4.34.0-ioctl (2015-10-28) initialised: dm-devel@redhat.com
[    0.937378] ledtrig-cpu: registered to indicate activity on CPUs
[    0.938987] NET: Registered protocol family 10
[    0.940104] NET: Registered protocol family 17
[    0.941090] Key type dns_resolver registered
[    0.942490] registered taskstats version 1
[    0.943385] Loading compiled-in X.509 certificates
[    0.945017] Loaded X.509 cert 'Build time autogenerated kernel key: 06f0812676e66a24038557b34a5a5205bffb6390'
[    0.947028] zswap: loaded using pool lzo/zbud
[    0.949668] Key type trusted registered
[    0.953807] Key type encrypted registered
[    0.954812] AppArmor: AppArmor sha1 policy hashing enabled
[    0.955915] ima: No TPM chip found, activating TPM-bypass!
[    0.957125] ima: Allocated hash algorithm: sha1
[    0.958126] evm: HMAC attrs: 0x1
[    0.959250]   Magic number: 4:721:965
[    0.960146] rtc_cmos rtc_cmos: setting system clock to 2020-09-14 02:57:49 UTC (1600052269)
[    0.962246] BIOS EDD facility v0.16 2004-Jun-25, 0 devices found
[    0.964112] EDD information not available.
[    1.089944] Freeing unused kernel memory: 1492K
[    1.091261] Write protecting the kernel read-only data: 14336k
[    1.093467] Freeing unused kernel memory: 1592K
[    1.094842] Freeing unused kernel memory: 56K
Loading, please wait...
starting version 229
[    1.107835] random: systemd-udevd: uninitialized urandom read (16 bytes read, 3 bits of entropy available)
[    1.108430] random: udevadm: uninitialized urandom read (16 bytes read, 3 bits of entropy available)
[    1.108453] random: udevadm: uninitialized urandom read (16 bytes read, 3 bits of entropy available)
[    1.114172] random: systemd-udevd: uninitialized urandom read (16 bytes read, 3 bits of entropy available)
[    1.115542] random: udevadm: uninitialized urandom read (16 bytes read, 3 bits of entropy available)
[    1.115583] random: udevadm: uninitialized urandom read (16 bytes read, 3 bits of entropy available)
[    1.115699] random: udevadm: uninitialized urandom read (16 bytes read, 3 bits of entropy available)
[    1.115741] random: udevadm: uninitialized urandom read (16 bytes read, 3 bits of entropy available)
[    1.115782] random: udevadm: uninitialized urandom read (16 bytes read, 3 bits of entropy available)
[    1.115825] random: udevadm: uninitialized urandom read (16 bytes read, 3 bits of entropy available)
[    1.152313] Fusion MPT base driver 3.04.20
[    1.153903] Copyright (c) 1999-2008 LSI Corporation
[    1.156092] e1000: Intel(R) PRO/1000 Network Driver - version 7.3.21-k8-NAPI
[    1.158177] e1000: Copyright (c) 1999-2006 Intel Corporation.
[    1.161979] Fusion MPT SPI Host driver 3.04.20
[    1.181257] AVX2 version of gcm_enc/dec engaged.
[    1.182524] AES CTR mode by8 optimization enabled
[    1.370271] input: ImExPS/2 Generic Explorer Mouse as /devices/platform/i8042/serio1/input/input4
[    1.854020] e1000 0000:00:03.0 eth0: (PCI:33MHz:32-bit) 02:8f:67:5f:07:a5
[    1.855850] e1000 0000:00:03.0 eth0: Intel(R) PRO/1000 Network Connection
[    1.858620] mptbase: ioc0: Initiating bringup
[    1.858735] e1000 0000:00:03.0 enp0s3: renamed from eth0
[    1.921918] ioc0: LSI53C1030 A0: Capabilities={Initiator}
[    2.089555] scsi host2: ioc0: LSI53C1030 A0, FwRev=00000000h, Ports=1, MaxQ=256, IRQ=20
[    2.206372] scsi 2:0:0:0: Direct-Access     VBOX     HARDDISK         1.0  PQ: 0 ANSI: 5
[    2.208422] scsi target2:0:0: Beginning Domain Validation
[    2.211319] scsi target2:0:0: Domain Validation skipping write tests
[    2.212763] scsi target2:0:0: Ending Domain Validation
[    2.213987] scsi target2:0:0: asynchronous
[    2.215278] scsi 2:0:1:0: Direct-Access     VBOX     HARDDISK         1.0  PQ: 0 ANSI: 5
[    2.216996] scsi target2:0:1: Beginning Domain Validation
[    2.218898] scsi target2:0:1: Domain Validation skipping write tests
[    2.220147] scsi target2:0:1: Ending Domain Validation
[    2.221357] scsi target2:0:1: asynchronous
[    2.236387] sd 2:0:0:0: [sda] 20971520 512-byte logical blocks: (10.7 GB/10.0 GiB)
[    2.236536] sd 2:0:0:0: Attached scsi generic sg0 type 0
[    2.239385] sd 2:0:0:0: [sda] Write Protect is off
[    2.240502] sd 2:0:1:0: Attached scsi generic sg1 type 0
[    2.241669] sd 2:0:1:0: [sdb] 20480 512-byte logical blocks: (10.5 MB/10.0 MiB)
[    2.243342] sd 2:0:0:0: [sda] Incomplete mode parameter data
[    2.245148] sd 2:0:0:0: [sda] Assuming drive cache: write through
[    2.246641] sd 2:0:1:0: [sdb] Write Protect is off
[    2.247834] sd 2:0:1:0: [sdb] Incomplete mode parameter data
[    2.248964] sd 2:0:1:0: [sdb] Assuming drive cache: write through
[    2.250908]  sda: sda1
[    2.252122] sd 2:0:0:0: [sda] Attached SCSI disk
[    2.253337] sd 2:0:1:0: [sdb] Attached SCSI disk
Begin: Loading essential drivers ... [    3.557287] md: linear personality registered for level -1
[    3.560792] md: multipath personality registered for level -4
[    3.565133] md: raid0 personality registered for level 0
[    3.569707] md: raid1 personality registered for level 1
[    3.645259] raid6: sse2x1   gen() 10863 MB/s
[    3.713267] raid6: sse2x1   xor()  7644 MB/s
[    3.780964] raid6: sse2x2   gen() 15991 MB/s
[    3.848974] raid6: sse2x2   xor() 10760 MB/s
[    3.917126] raid6: sse2x4   gen() 16271 MB/s
[    3.984771] raid6: sse2x4   xor() 10472 MB/s
[    4.053268] raid6: avx2x1   gen() 21151 MB/s
[    4.120759] raid6: avx2x2   gen() 27745 MB/s
[    4.189007] raid6: avx2x4   gen() 25120 MB/s
[    4.190263] raid6: using algorithm avx2x2 gen() 27745 MB/s
[    4.191703] raid6: using avx2x2 recovery algorithm
[    4.194903] xor: automatically using best checksumming function:
[    4.233221]    avx       : 30625.000 MB/sec
[    4.236249] async_tx: api initialized (async)
[    4.249346] md: raid6 personality registered for level 6
[    4.250516] md: raid5 personality registered for level 5
[    4.251736] md: raid4 personality registered for level 4
[    4.258980] md: raid10 personality registered for level 10
done.
Begin: Running /scripts/init-premount ... done.
Begin: Mounting root file system ... Begin: Running /scripts/local-top ... done.
Begin: Running /scripts/local-premount ... [    4.288195] Btrfs loaded
Scanning for Btrfs filesystems
done.
Warning: fsck not present, so skipping root file system
[    4.308399] EXT4-fs (sda1): mounted filesystem with ordered data mode. Opts: (null)
done.
Begin: Running /scripts/local-bottom ... done.
Begin: Running /scripts/init-bottom ... done.
[    4.367135] systemd[1]: systemd 229 running in system mode. (+PAM +AUDIT +SELINUX +IMA +APPARMOR +SMACK +SYSVINIT +UTMP +LIBCRYPTSETUP +GCRYPT +GNUTLS +ACL +XZ -LZ4 +SECCOMP +BLKID +ELFUTILS +KMOD -IDN)
[    4.370859] systemd[1]: Detected virtualization oracle.
[    4.371937] systemd[1]: Detected architecture x86-64.

Welcome to [1mUbuntu 16.04.7 LTS[0m!

[    4.374932] systemd[1]: Set hostname to <ubuntu>.
[    4.377403] systemd[1]: Initializing machine ID from random generator.
[    4.378726] systemd[1]: Installed transient /etc/machine-id file.
[    4.471776] systemd[1]: Listening on Journal Socket.
[[0;32m  OK  [0m] Listening on Journal Socket.
[    4.473919] systemd[1]: Listening on LVM2 poll daemon socket.
[[0;32m  OK  [0m] Listening on LVM2 poll daemon socket.
[    4.476819] systemd[1]: Listening on Journal Audit Socket.
[[0;32m  OK  [0m] Listening on Journal Audit Socket.
[    4.479309] systemd[1]: Listening on LVM2 metadata daemon socket.
[[0;32m  OK  [0m] Listening on LVM2 metadata daemon socket.
[    4.481687] systemd[1]: Listening on Journal Socket (/dev/log).
[[0;32m  OK  [0m] Listening on Journal Socket (/dev/log).
[    4.484301] systemd[1]: Listening on udev Kernel Socket.
[[0;32m  OK  [0m] Listening on udev Kernel Socket.
[    4.486959] systemd[1]: Reached target Encrypted Volumes.
[[0;32m  OK  [0m] Reached target Encrypted Volumes.
[    4.489016] systemd[1]: Started Forward Password Requests to Wall Directory Watch.
[[0;32m  OK  [0m] Started Forward Password Requests to Wall Directory Watch.
[    4.491839] systemd[1]: Listening on udev Control Socket.
[[0;32m  OK  [0m] Listening on udev Control Socket.
[    4.494906] systemd[1]: Created slice System Slice.
[[0;32m  OK  [0m] Created slice System Slice.
[    4.517325] systemd[1]: Starting Load Kernel Modules...
         Starting Load Kernel Modules...
[    4.521934] systemd[1]: Starting Nameserver information manager...
         Starting Nameserver information manager...
[    4.525948] systemd[1]: Created slice system-serial\x2dgetty.slice.
[[0;32m  OK  [0m] Created slice system-serial\x2dgetty.slice.
[    4.529798] systemd[1]: Starting Uncomplicated firewall...
[    4.531704] Loading iSCSI transport class v2.0-870.
         Starting Uncomplicated firewall...
[    4.533596] systemd[1]: Reached target System Time Synchronized.
[[0;32m  OK  [0m] Reached target System Time Synchronized.
[    4.538051] systemd[1]: Mounting Huge Pages File System...
         Mounting Huge Pages File System...
[    4.542292] systemd[1]: Set up automount Arbitrary Executable File Formats File System Automount Point.
[    4.545070] iscsi: registered transport (tcp)
[[0;32m  OK  [0m] Set up automount Arbitrary Executab...ats File System Automount Point.
[    4.547548] systemd[1]: Reached target User and Group Name Lookups.
[[0;32m  OK  [0m] Reached target User and Group Name Lookups.
[    4.550324] systemd[1]: Listening on /dev/initctl Compatibility Named Pipe.
[[0;32m  OK  [0m] Listening on /dev/initctl Compatibility Named Pipe.
[    4.555428] systemd[1]: Starting Create list of required static device nodes for the current kernel...
         Starting Create list of required st... nodes for the current kernel...
[    4.560029] systemd[1]: Starting Set console keymap...
         Starting Set console keymap...
[    4.564880] systemd[1]: Reached target Swap.
[[0;32m  OK  [0m] Reached target Swap.
[    4.573542] systemd[1]: Starting Remount Root and Kernel File Systems...
         Starting Remount Root and Kernel File Systems...
[    4.577803] iscsi: registered transport (iser)
[    4.578366] systemd[1]: Mounting POSIX Message Queue File System...
[    4.580729] EXT4-fs (sda1): re-mounted. Opts: (null)
         Mounting POSIX Message Queue File System...
[    4.582411] systemd[1]: Listening on Device-mapper event daemon FIFOs.
[[0;32m  OK  [0m] Listening on Device-mapper event daemon FIFOs.
[    4.585919] systemd[1]: Mounting Debug File System...
         Mounting Debug File System...
[    4.588924] systemd[1]: Listening on Syslog Socket.
[[0;32m  OK  [0m] Listening on Syslog Socket.
[    4.591799] systemd[1]: Starting Journal Service...
         Starting Journal Service...
[    4.597783] systemd[1]: Starting Monitoring of LVM2 mirrors, snapshots etc. using dmeventd or progress polling...
         Starting Monitoring of LVM2 mirrors... dmeventd or progress polling...
[    4.603439] systemd[1]: Started Trigger resolvconf update for networkd DNS.
[[0;32m  OK  [0m] Started Trigger resolvconf update for networkd DNS.
[    4.611035] systemd[1]: Created slice User and Session Slice.
[[0;32m  OK  [0m] Created slice User and Session Slice.
[    4.613212] systemd[1]: Reached target Slices.
[[0;32m  OK  [0m] Reached target Slices.
[    4.621935] systemd[1]: Mounted Huge Pages File System.
[[0;32m  OK  [0m] Mounted Huge Pages File System.
[    4.624051] systemd[1]: Mounted Debug File System.
[[0;32m  OK  [0m] Mounted Debug File System.
[    4.633581] systemd[1]: Mounted POSIX Message Queue File System.
[[0;32m  OK  [0m] Mounted POSIX Message Queue File System.
[    4.636504] systemd[1]: Started Journal Service.
[[0;32m  OK  [0m] Started Journal Service.
[[0;32m  OK  [0m] Started Load Kernel Modules.
[[0;32m  OK  [0m] Started Uncomplicated firewall.
[[0;32m  OK  [0m] Started Create list of required sta...ce nodes for the current kernel.
[[0;32m  OK  [0m] Started Set console keymap.
[[0;32m  OK  [0m] Started Remount Root and Kernel File Systems.
[[0;32m  OK  [0m] Started Nameserver information manager.
[[0;32m  OK  [0m] Started LVM2 metadata daemon.
         Starting Load/Save Random Seed...
         Starting udev Coldplug all Devices...
         Starting Create Static Device Nodes in /dev...
         Starting Apply Kernel Variables...
         Mounting FUSE Control File System...
         Starting Flush Journal to Persistent Storage...
[[0;32m  OK  [0m] Mounted FUSE Control File System.
[[0;32m  OK  [0m] Started Load/Save Random Seed.
[[0;32m  OK  [0m] Started Apply Kernel Variables.
[[0;32m  OK  [0m] Started Flush Journal to Persistent Storage.
[[0;32m  OK  [0m] Started Create Static Device Nodes in /dev.
         Starting udev Kernel Device Manager...
[[0;32m  OK  [0m] Started udev Kernel Device Manager.
[[0;32m  OK  [0m] Started udev Coldplug all Devices.
[[0;32m  OK  [0m] Started Dispatch Password Requests to Console Directory Watch.
[[0;32m  OK  [0m] Started Monitoring of LVM2 mirrors,...ng dmeventd or progress polling.
[[0;32m  OK  [0m] Reached target Local File Systems (Pre).
[[0;32m  OK  [0m] Reached target Local File Systems.
         Starting Create Volatile Files and Directories...
         Starting Tell Plymouth To Write Out Runtime Data...
         Starting LSB: AppArmor initialization...
         Starting Commit a transient machine-id on disk...
         Starting Initial cloud-init job (pre-networking)...
         Starting Set console font and keymap...
[[0;32m  OK  [0m] Started Create Volatile Files and Directories.
[[0;32m  OK  [0m] Started Tell Plymouth To Write Out Runtime Data.
         Starting Update UTMP about System Boot/Shutdown...
[[0;32m  OK  [0m] Started Commit a transient machine-id on disk.
[[0;32m  OK  [0m] Started Update UTMP about System Boot/Shutdown.
[[0;32m  OK  [0m] Found device /dev/ttyS0.
[[0;32m  OK  [0m] Listening on Load/Save RF Kill Switch Status /dev/rfkill Watch.
[    5.566561] cloud-init[495]: Cloud-init v. 20.2-45-g5f7825e2-0ubuntu1~16.04.1 running 'init-local' at Mon, 14 Sep 2020 02:57:54 +0000. Up 5.28 seconds.
[[0;32m  OK  [0m] Started LSB: AppArmor initialization.
         Starting Load AppArmor profiles managed internally by snapd...
[[0;32m  OK  [0m] Started Initial cloud-init job (pre-networking).
[[0;32m  OK  [0m] Started Load AppArmor profiles managed internally by snapd.
[[0;32m  OK  [0m] Reached target Network (Pre).
         Starting Raise network interfaces...
[[0;32m  OK  [0m] Started Set console font and keymap.
[[0;32m  OK  [0m] Created slice system-getty.slice.
[[0;32m  OK  [0m] Started Raise network interfaces.
         Starting Initial cloud-init job (metadata service crawler)...
[[0;32m  OK  [0m] Reached target Network.
[    6.670596] cloud-init[952]: Cloud-init v. 20.2-45-g5f7825e2-0ubuntu1~16.04.1 running 'init' at Mon, 14 Sep 2020 02:57:55 +0000. Up 6.27 seconds.
[    6.676856] cloud-init[952]: ci-info: +++++++++++++++++++++++++++++++++++++Net device info++++++++++++++++++++++++++++++++++++++
[    6.678138] cloud-init[952]: ci-info: +--------+------+---------------------------+---------------+--------+-------------------+
[    6.679973] cloud-init[952]: ci-info: | Device |  Up  |          Address          |      Mask     | Scope  |     Hw-Address    |
[    6.688660] cloud-init[952]: ci-info: +--------+------+---------------------------+---------------+--------+-------------------+
[    6.696919] cloud-init[952]: ci-info: | enp0s3 | True |         10.0.2.15         | 255.255.255.0 | global | 02:8f:67:5f:07:a5 |
[    6.704603] cloud-init[952]: ci-info: | enp0s3 | True | fe80::8f:67ff:fe5f:7a5/64 |       .       |  link  | 02:8f:67:5f:07:a5 |
[    6.706132] cloud-init[952]: ci-info: |   lo   | True |         127.0.0.1         |   255.0.0.0   |  host  |         .         |
[    6.707935] cloud-init[952]: ci-info: |   lo   | True |          ::1/128          |       .       |  host  |         .         |
[    6.709815] cloud-init[952]: ci-info: +--------+------+---------------------------+---------------+--------+-------------------+
[    6.711454] cloud-init[952]: ci-info: +++++++++++++++++++++++++++Route IPv4 info++++++++++++++++++++++++++++
[[0;32m  OK  [0m] Started Initial cloud-init job (metadata service crawler).
[    6.725383] cloud-init[[0;32m  OK  [0m] Reached target Cloud-config availability.
[[0;32m  OK  [0m] Reached target Network is Online.
[952]: ci-info: +-------+-------------+----------+---------------+-----------+-------+
[    6.728732] cloud-init[952]: ci-info: | Route | Destination | Gateway  |    Genmask    | Interface | Flags |
[    6.730432] cloud-init[952]: ci-info: +-------+-------------+----------+---------------+-----------+-------+
[    6.731893] cloud-init[952]: ci-info: |   0   |   0.0.0.0   | 10.0.2.2 |    0.0.0.0    |   enp0s3  |   UG  |
[    6.733713] cloud-init[952]: ci-info: |   1   |   10.0.2.0  | 0.0.0.0  | 255.255.255.0 |   enp0s3  |   U   |
[    6.735256] cloud-init[952]: ci-info: +-------+-------------+----------+---------------+-----------+-------+
[    6.737025] cloud-init[952]:          Starting iSCSI initiator daemon (iscsid)...
[[0;32m  OK  [0m] Reached target System Initialization.
[[0;32m  OK  [0m] Started Message of the Day.
ci-info: +++++++++++++++++++Route IPv6 info+++++++++++++++++++
[    6.740760] cloud-init[952]: ci-info: +-------+-------------+---------+-----------+-------+
[    6.742340] cloud-init[952]: ci-info: | Route | Destination | Gateway | Interface | Flags |
[[0;32m  OK  [0m] Started ACPI Events Check.
[    6.744550] [[0;32m  OK  [0m] Reached target Paths.
[[0;32m  OK  [0m] Started Daily Cleanup of Temporary Directories.
         Starting Socket activation for snappy daemon.
[[0;32m  OK  [0m] Listening on ACPID Listen Socket.
cloud-init[952]: ci-info: +-------+-------------+---------+-----------+-------+
[[0;32m  OK  [0m] Listening on UUID daemon activation socket.
[    6.749833] [[0;32m  OK  [0m] Started Daily apt download activities.
[[0;32m  OK  [0m] Started Daily apt upgrade and clean activities.
[[0;32m  OK  [0m] Reached target Timers.
[[0;32m  OK  [0m] Listening on D-Bus System Message Bus Socket.
cloud-init[952]: ci-info: |   0   |  fe80::/64  |    ::   |   enp0s3  |   U   |
[    6.754718]          Starting LXD - unix socket.
cloud-init[952]: ci-info: |   3   |   ff00::/8  |    ::   |   enp0s3  |   U   |
[[0;32m  OK  [0m] Listening on Socket activation for snappy daemon.
[[0;32m  OK  [0m] Listening on LXD - unix socket.
[[0;32m  OK  [0m] Reached target Sockets.
[[0;32m  OK  [0m] Reached target Basic System.
         Starting LXD - container startup/shutdown...
[    6.769522] [[0;32m  OK  [0m] Started Regular background program processing daemon.
         Starting System Logging Service...
cloud-init[952]:          Starting LSB: MD monitoring daemon...
ci-info: +-------+-------------+---------+-----------+-------+         Starting Accounts Service...

         Starting Virtualbox guest utils...
         Starting Login Service...
[[0;32m  OK  [0m] Started ACPI event daemon.
         Starting /etc/rc.local Compatibility...
[[0;32m  OK  [0m] Started Deferred execution scheduler.
[[0;32m  OK  [0m] Started D-Bus System Message Bus.
[    6.786761] cloud-init[952]: Generating public/private rsa key pair.
[    6.789311] cloud-init[952]: Your identification has been saved in /etc/ssh/ssh_host_rsa_key.
[    6.798805] cloud-init[952]: Your public key has been saved in /etc/ssh/ssh_host_rsa_key.pub.
[    6.801323] cloud-init[952]: The key fingerprint is:
[    6.803646] cloud-init[952]: SHA256:lbyCrexz0v0bNA6+CaiOp1uNrEFGoLxLaMEkaaDlgD4 root@ubuntu-xenial
[    6.805521] cloud-init[952]: The key's randomart image is:
[    6.806685] cloud-init[952]: +---[RSA 2048]----+
[    6.808171] cloud-init[952]: |Bo.              |
[    6.809456] cloud-init[952]: |X*       . .     |
[    6.810661] cloud-init[952]: |=+o       +      |
[    6.811811] cloud-init[952]: |.Eo    o . .     |
[    6.813222] cloud-init[952]: |.++   . S o o    |
[    6.814547] cloud-init[952]: |oo.. + o o + .   |
[    6.817567] cloud-init[952]: | .. + =.... o    |
[    6.818848] cloud-init[952]: |   =.oo o..o .   |
[    6.820190] cloud-init[952]: |  ==o .+  o.o.   |
[    6.821445] cloud-init[952]: +----[SHA256]-----+
[    6.822471] cloud-init[952]: Generating public/private dsa key pair.
[    6.824024] cloud-init[952]: Your identification has been saved in /etc/ssh/ssh_host_dsa_key.
[    6.825658] cloud-init[952]: Your public key has been saved in /etc/ssh/ssh_host_dsa_key.pub.
[    6.827113] cloud-init[952]: The key fingerprint is:
[    6.828011] cloud-init[952]: SHA256:nbbns3dIMTkX+X7uSNbJrew9bP9nGXkl98AKHxyGCSM root@ubuntu-xenial
[    6.829870] cloud-init[952]: The key's randomart image is:
[    6.830978] cloud-init[952]: +---[DSA 1024]----+
         Starting LSB: Record successful boot for GRUB...
[    6.831954] cloud-init[952]: |      E o. o    .|         Starting Pollinate to seed the pseudo random number generator...

[    6.834785] cloud-init[952]: |       . .o o  o |
         Starting Snap Daemon...
[    6.837371] cloud-init[[0;32m  OK  [0m] Started FUSE filesystem for LXC.
[[0;32m  OK  [0m] Started System Logging Service.
[[0;32m  OK  [0m] Started iSCSI initiator daemon (iscsid).
[952]: [[0;32m  OK  [0m] Started LXD - container startup/shutdown.
[[0;32m  OK  [0m] Started /etc/rc.local Compatibility.
|           o o .o|
[    6.847881] cloud-init[952]: |         ...o O =|
         Starting Authenticate and Authorize Users to Run Privileged Tasks...
[    6.872162] cloud-init[952]: |        S +o o X+|
[    6.877054] cloud-init[952]: |         . .o o+B|
[    6.881439] cloud-init[952]: |          . ..+=B|
[    6.884577] cloud-init[952]: |           o.+oO=|
[    6.886701] cloud-init[952]: |            o=*+X|
[    6.894527] cloud-init[952]: +----[SHA256]-----+
[    6.894781] cloud-init[952]: Generating public/private ecdsa key pair.
[    6.895634] cloud-init[952]: Your identification has been saved in /etc/ssh/ssh_host_ecdsa_key.
[    6.896677] cloud-init[952]: Your public key has been saved in /etc/ssh/ssh_host_ecdsa_key.pub.
[    6.897433] cloud-init[952]: The key fingerprint is:
         Starting Login to default iSCSI targets...
[    6.900080] cloud-init[952]: SHA256:Q+HO0ehDHv+Wg/76a4D51EkTiDtiat4K3C1AqZuxRlo root@ubuntu-xenial
[    6.904290] cloud-init[952]: The key's randomart image is:
[    6.905889] cloud-init[952]: +---[ECDSA 256]---+
[    6.912216] cloud-init[952]: |        .. .     |
[    6.912385] cloud-init[952]: |   .   ..+. .    |
[[0;32m  OK  [0m] Started LSB: MD monitoring daemon.
[    6.912431] cloud-init[952]: |  o     B..  .   |
[    6.915719] cloud-init[952]: | o    oBo+  o    |
[    6.917250] cloud-init[952]: |o.E  o .S+.o o   |
[    6.917508] [[0;32m  OK  [0m] Started Login Service.
cloud-init[952]: |oB oo.  ooooo.   |
[    6.919451] cloud-init[952]: |=.ooo..  o..=    |
[    6.921191] cloud-init[952]: |.  ....  .....   |
[    6.921343] cloud-init[952]: |    ..    o=+.   |
[[0;32m  OK  [0m] Started Authenticate and Authorize Users to Run Privileged Tasks.
[    6.923669] cloud-init[952]: +----[SHA256]-----+
[    6.925586] cloud-init[952]: Generating public/private ed25519 key pair.
[    6.925703] cloud-init[952]: Your identification has been saved in /etc/ssh/ssh_host_ed25519_key.
[[0;32m  OK  [0m] Started Accounts Service.
[    6.925984] cloud-init[952]: Your public key has been saved in /etc/ssh/ssh_host_ed25519_key.pub.
[    6.930824] cloud-init[952]: The key fingerprint is:
[    6.934937] cloud-init[952]: SHA256:qpFCF5mWLps88fXQ+31tZjNx6y5FGP3x/FVEEDGrf/w root@ubuntu-xenial
[    6.936729] cloud-init[952]: The key's randomart image is:
[    6.938119] cloud-init[952]: +--[ED25519 256]--+
[    6.940235] cloud-init[952]: |              **o|
[    6.941487] cloud-init[952]: |     +       . =.|
[    6.942483] cloud-init[952]: |    *         +.=|
[    6.943594] cloud-init[952]: |   o . .     o .=|
[    6.944582] cloud-init[952]: |  + o o S   . . o|
[    6.945767] cloud-init[952]: | o B o + .   . +o|
[    6.947097] cloud-init[952]: |  * + . o     o.*|
[    6.951432] cloud-init[952]: |   o o   . . ..=*|
[[0;32m  OK  [0m] Started Unattended Upgrades Shutdown.
[[0;32m  OK  [0m] Started LSB: Record successful boot for GRUB.
[[0;32m  OK  [0m[    6.951940] cloud-init[952]: |    .     . ..+*E|
] Started Login to default iSCSI targets.[    6.966786] cloud-init[952]: +----[SHA256]-----+

[[0;32m  OK  [0m] Reached target Remote File Systems (Pre).
[[0;32m  OK  [0m] Reached target Remote File Systems.
         Starting LSB: daemon to balance interrupts for SMP systems...
         Starting LSB: Set the CPU Frequency Scaling governor to "ondemand"...
         Starting Permit User Sessions...
         Starting LSB: automatic crash report generation...
[[0;32m  OK  [0m] Started Permit User Sessions.
         Starting Terminate Plymouth Boot Screen...
         Starting Hold until boot process finishes up...
[[0;32m  OK  [0m] Started Terminate Plymouth Boot Screen.
[[0;32m  OK  [0m] Started Hold until boot process finishes up.
[[0;32m  OK  [0m] Started Serial Getty on ttyS0.
         Starting Set console scheme...
[[0;32m  OK  [0m] Started Getty on tty1.
[[0;32m  OK  [0m] Reached target Login Prompts.
[[0;32m  OK  [0m] Started Set console scheme.
[[0;32m  OK  [0m] Started LSB: Set the CPU Frequency Scaling governor to "ondemand".
[[0;32m  OK  [0m] Started LSB: automatic crash report generation.
[[0;32m  OK  [0m] Started Virtualbox guest utils.
[[0;32m  OK  [0m] Started LSB: daemon to balance interrupts for SMP systems.
[[0;32m  OK  [0m] Started Snap Daemon.
         Starting Wait until snapd is fully seeded...
[[0;32m  OK  [0m] Started Pollinate to seed the pseudo random number generator.
         Starting OpenBSD Secure Shell server...
[[0;32m  OK  [0m] Started OpenBSD Secure Shell server.
[[0;32m  OK  [0m] Created slice User Slice of vagrant.
         Starting User Manager for UID 1000...

Ubuntu 16.04.7 LTS ubuntu-xenial ttyS0

ubuntu-xenial login: [   14.031267] cloud-init[1559]: Generating locales (this might take a while)...
[   14.592098] cloud-init[1559]:   en_US.UTF-8... done
[   14.592617] cloud-init[1559]: Generation complete.
[   14.795006] cloud-init[1559]: Cloud-init v. 20.2-45-g5f7825e2-0ubuntu1~16.04.1 running 'modules:config' at Mon, 14 Sep 2020 02:58:02 +0000. Up 13.95 seconds.
ci-info: no authorized SSH keys fingerprints found for user ubuntu.
<14>Sep 14 02:58:03 ec2: 
<14>Sep 14 02:58:03 ec2: #############################################################
<14>Sep 14 02:58:03 ec2: -----BEGIN SSH HOST KEY FINGERPRINTS-----
<14>Sep 14 02:58:03 ec2: 1024 SHA256:nbbns3dIMTkX+X7uSNbJrew9bP9nGXkl98AKHxyGCSM root@ubuntu-xenial (DSA)
<14>Sep 14 02:58:03 ec2: 256 SHA256:Q+HO0ehDHv+Wg/76a4D51EkTiDtiat4K3C1AqZuxRlo root@ubuntu-xenial (ECDSA)
<14>Sep 14 02:58:03 ec2: 256 SHA256:qpFCF5mWLps88fXQ+31tZjNx6y5FGP3x/FVEEDGrf/w root@ubuntu-xenial (ED25519)
<14>Sep 14 02:58:03 ec2: 2048 SHA256:lbyCrexz0v0bNA6+CaiOp1uNrEFGoLxLaMEkaaDlgD4 root@ubuntu-xenial (RSA)
<14>Sep 14 02:58:03 ec2: -----END SSH HOST KEY FINGERPRINTS-----
<14>Sep 14 02:58:03 ec2: #############################################################
-----BEGIN SSH HOST KEY KEYS-----
ecdsa-sha2-nistp256 AAAAE2VjZHNhLXNoYTItbmlzdHAyNTYAAAAIbmlzdHAyNTYAAABBBLNls1tHdStUzwlykyutqbN6rNgbMa8uHAolDGnZPmzznAoG+tZLQDq4pHxg0EQi969uLYmta9CXwuCnP6rvGQA= root@ubuntu-xenial
ssh-ed25519 AAAAC3NzaC1lZDI1NTE5AAAAIGUuRIKoSwxo8s5HavNUl6EoLk3FvjUs+K63Onisf/JH root@ubuntu-xenial
ssh-rsa AAAAB3NzaC1yc2EAAAADAQABAAABAQDERhNfSl76tajzNswp+bWTBCNWGNYXSd5UJQXdC06LocEOyoQClGMLESrAp+MEZK5BceQXTn7tztyGhnGNN0LqE7r01eP9uNc0FLpeLK9prR1CYvCEfLP2rDvYWhlLW7D5CjzbxVqMqy1EonyP2SgBBfm8n52O/2fz98NoLnQgIak0c+7DBMQgRzYmIO1rfeyJyADY9vfO6BAy9RjJiOUVCKrTz/DuUvoVTtxH6wdWfJxpaDnaPui/ciaM0YCCOcnJ5TN8YOluSPeFLOSAVf74dovcmA/NpXaDvbZlb0Q8DRhtaR1V6yujkTOGtYSC97rmswB3zTHCMmrmXDtPUSot root@ubuntu-xenial
-----END SSH HOST KEY KEYS-----
[   15.186089] cloud-init[1658]: Cloud-init v. 20.2-45-g5f7825e2-0ubuntu1~16.04.1 running 'modules:final' at Mon, 14 Sep 2020 02:58:03 +0000. Up 15.05 seconds.
[   15.188101] cloud-init[1658]: ci-info: no authorized SSH keys fingerprints found for user ubuntu.
[   15.189810] cloud-init[1658]: Cloud-init v. 20.2-45-g5f7825e2-0ubuntu1~16.04.1 finished at Mon, 14 Sep 2020 02:58:03 +0000. Datasource DataSourceNoCloud [seed=/dev/sdb][dsmode=net].  Up 15.18 seconds
[[0;32m  OK  [0m] Closed Load/Save RF Kill Switch Status /dev/rfkill Watch.
         Stopping Session 13 of user vagrant.
[[0;32m  OK  [0m] Stopped target Timers.
[[0;32m  OK  [0m] Stopped target Cloud-init target.
         Stopping ACPI event daemon...
[[0;32m  OK  [0m] Stopped Message of the Day.
         Stopping Authenticate and Authorize Users to Run Privileged Tasks...
         Stopping User Manager for UID 1000...
[[0;32m  OK  [0m] Stopped Daily apt upgrade and clean activities.
[[0;32m  OK  [0m] Stopped Daily apt download activities.
[[0;32m  OK  [0m] Stopped target System Time Synchronized.
[[0;32m  OK  [0m] Stopped target Graphical Interface.
         Stopping Accounts Service...
[[0;32m  OK  [0m] Stopped Execute cloud user/final scripts.
[[0;32m  OK  [0m] Stopped target Multi-User System.
         Stopping LSB: Set the CPU Frequency Scaling governor to "ondemand"...
         Stopping Regular background program processing daemon...
         Stopping LSB: MD monitoring daemon...
         Stopping LSB: automatic crash report generation...
         Stopping LSB: daemon to balance interrupts for SMP systems...
         Stopping Docker Application Container Engine...
         Stopping Ubuntu FAN network setup...
         Stopping Virtualbox guest utils...
         Stopping OpenBSD Secure Shell server...
         Stopping Deferred execution scheduler...
         Stopping LSB: Set up cgroupfs mounts....
[[0;32m  OK  [0m] Stopped target Login Prompts.
         Stopping Getty on tty1...
         Stopping Serial Getty on ttyS0...
[[0;32m  OK  [0m] Stopped Apply the settings specified in cloud-config.
[[0;32m  OK  [0m] Stopped target Cloud-config availability.
[[0;32m  OK  [0m] Stopped Wait until snapd is fully seeded.
         Stopping LSB: Record successful boot for GRUB...
         Stopping FUSE filesystem for LXC...
         Stopping D-Bus System Message Bus...
         Stopping LXD - container startup/shutdown...
[[0;32m  OK  [0m] Stopped Daily Cleanup of Temporary Directories.
         Stopping System Logging Service...
[[0;32m  OK  [0m] Unmounted /var/lib/lxcfs.
[[0;32m  OK  [0m] Stopped Regular background program processing daemon.
[[0;32m  OK  [0m] Stopped Accounts Service.
[[0;32m  OK  [0m] Stopped System Logging Service.
[[0;32m  OK  [0m] Stopped ACPI event daemon.
[[0;32m  OK  [0m] Stopped Deferred execution scheduler.
[[0;32m  OK  [0m] Stopped Authenticate and Authorize Users to Run Privileged Tasks.
[[0;32m  OK  [0m] Stopped Serial Getty on ttyS0.
[[0;32m  OK  [0m] Stopped Getty on tty1.
[[0;32m  OK  [0m] Stopped OpenBSD Secure Shell server.
[[0;32m  OK  [0m] Stopped Docker Application Container Engine.
[[0;32m  OK  [0m] Stopped User Manager for UID 1000.
[[0;32m  OK  [0m] Stopped Session 13 of user vagrant.
[[0;32m  OK  [0m] Stopped Ubuntu FAN network setup.
[[0;32m  OK  [0m] Stopped LSB: Set up cgroupfs mounts..
[[0;32m  OK  [0m] Stopped D-Bus System Message Bus.
[[0;32m  OK  [0m] Stopped FUSE filesystem for LXC.
[[0;32m  OK  [0m] Stopped LSB: Set the CPU Frequency Scaling governor to "ondemand".
[[0;32m  OK  [0m] Stopped LSB: Record successful boot for GRUB.
[[0;32m  OK  [0m] Stopped LXD - container startup/shutdown.
[[0;32m  OK  [0m] Stopped LSB: MD monitoring daemon.
[[0;32m  OK  [0m] Stopped LSB: automatic crash report generation.
[[0;32m  OK  [0m] Stopped LSB: daemon to balance interrupts for SMP systems.
[[0;32m  OK  [0m] Stopped Virtualbox guest utils.
[[0;32m  OK  [0m] Removed slice User Slice of vagrant.
         Stopping Login Service...
         Stopping containerd container runtime...
[[0;32m  OK  [0m] Removed slice system-getty.slice.
[[0;32m  OK  [0m] Stopped /etc/rc.local Compatibility.
         Stopping Permit User Sessions...
[[0;32m  OK  [0m] Removed slice system-serial\x2dgetty.slice.
[[0;32m  OK  [0m] Stopped containerd container runtime.
[[0;32m  OK  [0m] Stopped Permit User Sessions.
[[0;32m  OK  [0m] Stopped User Manager for UID 1000.
[[0;32m  OK  [0m] Stopped target Remote File Systems.
[[0;32m  OK  [0m] Stopped target Remote File Systems (Pre).
         Stopping Login to default iSCSI targets...
[[0;32m  OK  [0m] Stopped Login Service.
[[0;32m  OK  [0m] Stopped target Basic System.
[[0;32m  OK  [0m] Stopped target Slices.
[[0;32m  OK  [0m] Stopped target Sockets.
[[0;32m  OK  [0m] Closed UUID daemon activation socket.
[[0;32m  OK  [0m] Closed Socket activation for snappy daemon.
[[0;32m  OK  [0m] Closed LXD - unix socket.
[[0;32m  OK  [0m] Closed Syslog Socket.
[[0;32m  OK  [0m] Closed ACPID Listen Socket.
[[0;32m  OK  [0m] Closed Docker Socket for the API.
[[0;32m  OK  [0m] Stopped target Paths.
[[0;32m  OK  [0m] Stopped ACPI Events Check.
[[0;32m  OK  [0m] Stopped Forward Password Requests to Wall Directory Watch.
[[0;32m  OK  [0m] Stopped Dispatch Password Requests to Console Directory Watch.
[[0;32m  OK  [0m] Stopped target User and Group Name Lookups.
[[0;32m  OK  [0m] Removed slice User and Session Slice.
[[0;32m  OK  [0m] Closed D-Bus System Message Bus Socket.
[[0;32m  OK  [0m] Stopped target System Initialization.
[[0;32m  OK  [0m] Stopped target Swap.
[[0;32m  OK  [0m] Stopped Commit a transient machine-id on disk.
         Stopping Update UTMP about System Boot/Shutdown...
[[0;32m  OK  [0m] Stopped target Encrypted Volumes.
         Stopping Load/Save Random Seed...
[[0;32m  OK  [0m] Stopped Update UTMP about System Boot/Shutdown.
[[0;32m  OK  [0m] Stopped Load/Save Random Seed.
[[0;32m  OK  [0m] Stopped Create Volatile Files and Directories.
[[0;32m  OK  [0m] Stopped Login to default iSCSI targets.
         Stopping iSCSI initiator daemon (iscsid)...
[[0;32m  OK  [0m] Stopped iSCSI initiator daemon (iscsid).
[[0;32m  OK  [0m] Stopped target Network is Online.
[[0;32m  OK  [0m] Stopped Initial cloud-init job (metadata service crawler).
[[0;32m  OK  [0m] Stopped target Network.
         Stopping Raise network interfaces...
[[0;32m  OK  [0m] Stopped Raise network interfaces.
[[0;32m  OK  [0m] Stopped Apply Kernel Variables.
[[0;32m  OK  [0m] Stopped target Network (Pre).
[[0;32m  OK  [0m] Stopped Initial cloud-init job (pre-networking).
[[0;32m  OK  [0m] Stopped target Local File Systems.
         Unmounting /run/user/1000...
[[0;32m  OK  [0m] Stopped Load Kernel Modules.
[[0;32m  OK  [0m] Unmounted /run/user/1000.
[[0;32m  OK  [0m] Reached target Unmount All Filesystems.
[[0;32m  OK  [0m] Stopped target Local File Systems (Pre).
[[0;32m  OK  [0m] Stopped Remount Root and Kernel File Systems.
         Stopping Monitoring of LVM2 mirrors... dmeventd or progress polling...
[[0;32m  OK  [0m] Stopped Create Static Device Nodes in /dev.
[[0;32m  OK  [0m] Reached target Shutdown.
[21601.640926] reboot: Power down
